2023-07-23 22:07:284 INFO  HomePage :37 - Clicking on login link : [[ChromeDriver: chrome on windows (d49172a22066f164db9858c29f81a689)] -> link text: Log in]
2023-07-23 22:07:376 INFO  LoginPage :44 - Getting text from : [[ChromeDriver: chrome on windows (d49172a22066f164db9858c29f81a689)] -> xpath: //h1[contains(text(),'Welcome, Please Sign In!')]]
2023-07-23 22:07:02 INFO  HomePage :37 - Clicking on login link : [[ChromeDriver: chrome on windows (13341e45080da85a561eafc1c0bce83a)] -> link text: Log in]
2023-07-24 02:07:611 INFO  RegisterPage :136 - Clicking on register button:Proxy element for: DefaultElementLocator 'By.id: register-button'
2023-07-24 02:07:557 INFO  RegisterPage :136 - Clicking on register button:Proxy element for: DefaultElementLocator 'By.id: register-button'
2023-07-24 02:07:978 INFO  RegisterPage :136 - Clicking on register button:Proxy element for: DefaultElementLocator 'By.id: register-button'
2023-07-24 02:07:458 INFO  HomePage :56 - Clicking On Register Link:[[ChromeDriver: chrome on windows (86a890b713cc3c0e01f63f39f784ec0b)] -> xpath: //a[contains(text(),'Register')]]
2023-07-24 02:07:524 INFO  RegisterPage :78 - Verifying register text is displayed:[[ChromeDriver: chrome on windows (86a890b713cc3c0e01f63f39f784ec0b)] -> xpath: //h1[contains(text(),'Register')]]
2023-07-24 02:07:594 INFO  HomePage :56 - Clicking On Register Link:[[ChromeDriver: chrome on windows (5b6bc40b1991f3d6246ba9c80fcb17d5)] -> xpath: //a[contains(text(),'Register')]]
2023-07-24 02:07:586 INFO  RegisterPage :136 - Clicking on register button:[[ChromeDriver: chrome on windows (5b6bc40b1991f3d6246ba9c80fcb17d5)] -> id: register-button]
2023-07-24 02:07:338 INFO  HomePage :56 - Clicking On Register Link:[[ChromeDriver: chrome on windows (3977fdb543409204eb125aba1b3fdb7c)] -> xpath: //a[contains(text(),'Register')]]
2023-07-24 02:07:356 INFO  RegisterPage :83 - selecting gender:
2023-07-24 02:07:404 INFO  RegisterPage :97 - Entering  first name:[[ChromeDriver: chrome on windows (3977fdb543409204eb125aba1b3fdb7c)] -> id: FirstName]
2023-07-24 02:07:601 INFO  RegisterPage :102 - Entering  last name:[[ChromeDriver: chrome on windows (3977fdb543409204eb125aba1b3fdb7c)] -> id: LastName]
2023-07-24 02:07:792 INFO  RegisterPage :107 - Entering  date of birth day:[[ChromeDriver: chrome on windows (3977fdb543409204eb125aba1b3fdb7c)] -> name: DateOfBirthDay]
2023-07-24 02:07:39 INFO  RegisterPage :112 - Entering  date of birth month:[[ChromeDriver: chrome on windows (3977fdb543409204eb125aba1b3fdb7c)] -> name: DateOfBirthMonth]
2023-07-24 02:07:223 INFO  RegisterPage :117 - Entering  date of birth year:[[ChromeDriver: chrome on windows (3977fdb543409204eb125aba1b3fdb7c)] -> name: DateOfBirthYear]
2023-07-24 02:07:404 INFO  RegisterPage :121 - Entering  email address:[[ChromeDriver: chrome on windows (3977fdb543409204eb125aba1b3fdb7c)] -> id: Email]
2023-07-24 02:07:582 INFO  RegisterPage :126 - Entering password:[[ChromeDriver: chrome on windows (3977fdb543409204eb125aba1b3fdb7c)] -> id: Password]
2023-07-24 02:07:118 INFO  HomePage :56 - Clicking On Register Link:[[ChromeDriver: chrome on windows (f78476e200422895b6614ca034fedbfb)] -> xpath: //a[contains(text(),'Register')]]
2023-07-24 02:07:104 INFO  RegisterPage :78 - Verifying register text is displayed:[[ChromeDriver: chrome on windows (f78476e200422895b6614ca034fedbfb)] -> xpath: //h1[contains(text(),'Register')]]
2023-07-24 02:07:719 INFO  HomePage :56 - Clicking On Register Link:[[ChromeDriver: chrome on windows (0a245cf727fe8a519456c844ca8648a1)] -> xpath: //a[contains(text(),'Register')]]
2023-07-24 02:07:734 INFO  RegisterPage :83 - selecting gender:
2023-07-24 02:07:778 INFO  RegisterPage :97 - Entering  first name:[[ChromeDriver: chrome on windows (0a245cf727fe8a519456c844ca8648a1)] -> id: FirstName]
2023-07-24 02:07:953 INFO  RegisterPage :102 - Entering  last name:[[ChromeDriver: chrome on windows (0a245cf727fe8a519456c844ca8648a1)] -> id: LastName]
2023-07-24 02:07:132 INFO  RegisterPage :107 - Entering  date of birth day:[[ChromeDriver: chrome on windows (0a245cf727fe8a519456c844ca8648a1)] -> name: DateOfBirthDay]
2023-07-24 02:07:302 INFO  RegisterPage :112 - Entering  date of birth month:[[ChromeDriver: chrome on windows (0a245cf727fe8a519456c844ca8648a1)] -> name: DateOfBirthMonth]
2023-07-24 02:07:426 INFO  RegisterPage :117 - Entering  date of birth year:[[ChromeDriver: chrome on windows (0a245cf727fe8a519456c844ca8648a1)] -> name: DateOfBirthYear]
2023-07-24 02:07:558 INFO  RegisterPage :121 - Entering  email address:[[ChromeDriver: chrome on windows (0a245cf727fe8a519456c844ca8648a1)] -> id: Email]
2023-07-24 02:07:677 INFO  RegisterPage :126 - Entering password:[[ChromeDriver: chrome on windows (0a245cf727fe8a519456c844ca8648a1)] -> id: Password]
2023-07-24 21:07:972 INFO  HomePage :56 - Clicking On Register Link:[[ChromeDriver: chrome on windows (d2d3fe0119c197ec1d8f15aded5c60c1)] -> xpath: //a[contains(text(),'Register')]]
2023-07-24 21:07:927 INFO  RegisterPage :78 - Verifying register text is displayed:[[ChromeDriver: chrome on windows (d2d3fe0119c197ec1d8f15aded5c60c1)] -> xpath: //h1[contains(text(),'Register')]]
2023-07-24 21:07:146 INFO  HomePage :56 - Clicking On Register Link:[[ChromeDriver: chrome on windows (d23f8d970f7f88ee1831870ed99deb6d)] -> xpath: //a[contains(text(),'Register')]]
2023-07-24 21:07:87 INFO  RegisterPage :136 - Clicking on register button:[[ChromeDriver: chrome on windows (d23f8d970f7f88ee1831870ed99deb6d)] -> id: register-button]
2023-07-24 21:07:153 INFO  RegisterPage :141 - Verifying first name error:[[ChromeDriver: chrome on windows (d23f8d970f7f88ee1831870ed99deb6d)] -> id: FirstName-error]
2023-07-24 21:07:180 INFO  RegisterPage :146 - Verifying last name error:[[ChromeDriver: chrome on windows (d23f8d970f7f88ee1831870ed99deb6d)] -> id: LastName-error]
2023-07-24 21:07:203 INFO  RegisterPage :161 - Verifying email error:[[ChromeDriver: chrome on windows (d23f8d970f7f88ee1831870ed99deb6d)] -> id: Email-error]
2023-07-24 21:07:228 INFO  RegisterPage :151 - Verifying password error:[[ChromeDriver: chrome on windows (d23f8d970f7f88ee1831870ed99deb6d)] -> id: Password-error]
2023-07-24 21:07:248 INFO  RegisterPage :156 - Verifying :[[ChromeDriver: chrome on windows (d23f8d970f7f88ee1831870ed99deb6d)] -> id: ConfirmPassword]
2023-07-24 21:07:288 INFO  RegisterPage :141 - Verifying first name error:[[ChromeDriver: chrome on windows (d23f8d970f7f88ee1831870ed99deb6d)] -> id: FirstName-error]
2023-07-24 21:07:304 INFO  RegisterPage :146 - Verifying last name error:[[ChromeDriver: chrome on windows (d23f8d970f7f88ee1831870ed99deb6d)] -> id: LastName-error]
2023-07-24 21:07:327 INFO  RegisterPage :161 - Verifying email error:[[ChromeDriver: chrome on windows (d23f8d970f7f88ee1831870ed99deb6d)] -> id: Email-error]
2023-07-24 21:07:352 INFO  RegisterPage :151 - Verifying password error:[[ChromeDriver: chrome on windows (d23f8d970f7f88ee1831870ed99deb6d)] -> id: Password-error]
2023-07-24 21:07:377 INFO  RegisterPage :156 - Verifying :[[ChromeDriver: chrome on windows (d23f8d970f7f88ee1831870ed99deb6d)] -> id: ConfirmPassword]
2023-07-24 21:07:406 INFO  RegisterPage :141 - Verifying first name error:[[ChromeDriver: chrome on windows (d23f8d970f7f88ee1831870ed99deb6d)] -> id: FirstName-error]
2023-07-24 21:07:429 INFO  RegisterPage :146 - Verifying last name error:[[ChromeDriver: chrome on windows (d23f8d970f7f88ee1831870ed99deb6d)] -> id: LastName-error]
2023-07-24 21:07:451 INFO  RegisterPage :161 - Verifying email error:[[ChromeDriver: chrome on windows (d23f8d970f7f88ee1831870ed99deb6d)] -> id: Email-error]
2023-07-24 21:07:469 INFO  RegisterPage :151 - Verifying password error:[[ChromeDriver: chrome on windows (d23f8d970f7f88ee1831870ed99deb6d)] -> id: Password-error]
2023-07-24 21:07:493 INFO  RegisterPage :156 - Verifying :[[ChromeDriver: chrome on windows (d23f8d970f7f88ee1831870ed99deb6d)] -> id: ConfirmPassword]
2023-07-24 21:07:523 INFO  RegisterPage :141 - Verifying first name error:[[ChromeDriver: chrome on windows (d23f8d970f7f88ee1831870ed99deb6d)] -> id: FirstName-error]
2023-07-24 21:07:544 INFO  RegisterPage :146 - Verifying last name error:[[ChromeDriver: chrome on windows (d23f8d970f7f88ee1831870ed99deb6d)] -> id: LastName-error]
2023-07-24 21:07:561 INFO  RegisterPage :161 - Verifying email error:[[ChromeDriver: chrome on windows (d23f8d970f7f88ee1831870ed99deb6d)] -> id: Email-error]
2023-07-24 21:07:578 INFO  RegisterPage :151 - Verifying password error:[[ChromeDriver: chrome on windows (d23f8d970f7f88ee1831870ed99deb6d)] -> id: Password-error]
2023-07-24 21:07:594 INFO  RegisterPage :156 - Verifying :[[ChromeDriver: chrome on windows (d23f8d970f7f88ee1831870ed99deb6d)] -> id: ConfirmPassword]
2023-07-24 21:07:616 INFO  RegisterPage :141 - Verifying first name error:[[ChromeDriver: chrome on windows (d23f8d970f7f88ee1831870ed99deb6d)] -> id: FirstName-error]
2023-07-24 21:07:631 INFO  RegisterPage :146 - Verifying last name error:[[ChromeDriver: chrome on windows (d23f8d970f7f88ee1831870ed99deb6d)] -> id: LastName-error]
2023-07-24 21:07:649 INFO  RegisterPage :161 - Verifying email error:[[ChromeDriver: chrome on windows (d23f8d970f7f88ee1831870ed99deb6d)] -> id: Email-error]
2023-07-24 21:07:670 INFO  RegisterPage :151 - Verifying password error:[[ChromeDriver: chrome on windows (d23f8d970f7f88ee1831870ed99deb6d)] -> id: Password-error]
2023-07-24 21:07:687 INFO  RegisterPage :156 - Verifying :[[ChromeDriver: chrome on windows (d23f8d970f7f88ee1831870ed99deb6d)] -> id: ConfirmPassword]
2023-07-24 21:07:630 INFO  HomePage :56 - Clicking On Register Link:[[ChromeDriver: chrome on windows (0cce82ef719a4a6d60f04f03f62f1844)] -> xpath: //a[contains(text(),'Register')]]
2023-07-24 21:07:519 INFO  RegisterPage :83 - selecting gender:
2023-07-24 21:07:534 INFO  RegisterPage :97 - Entering  first name:[[ChromeDriver: chrome on windows (0cce82ef719a4a6d60f04f03f62f1844)] -> id: FirstName]
2023-07-24 21:07:603 INFO  RegisterPage :102 - Entering  last name:[[ChromeDriver: chrome on windows (0cce82ef719a4a6d60f04f03f62f1844)] -> id: LastName]
2023-07-24 21:07:667 INFO  RegisterPage :107 - Entering  date of birth day:[[ChromeDriver: chrome on windows (0cce82ef719a4a6d60f04f03f62f1844)] -> name: DateOfBirthDay]
2023-07-24 21:07:773 INFO  RegisterPage :112 - Entering  date of birth month:[[ChromeDriver: chrome on windows (0cce82ef719a4a6d60f04f03f62f1844)] -> name: DateOfBirthMonth]
2023-07-24 21:07:857 INFO  RegisterPage :117 - Entering  date of birth year:[[ChromeDriver: chrome on windows (0cce82ef719a4a6d60f04f03f62f1844)] -> name: DateOfBirthYear]
2023-07-24 21:07:921 INFO  RegisterPage :121 - Entering  email address:[[ChromeDriver: chrome on windows (0cce82ef719a4a6d60f04f03f62f1844)] -> id: Email]
2023-07-24 21:07:993 INFO  RegisterPage :126 - Entering password:[[ChromeDriver: chrome on windows (0cce82ef719a4a6d60f04f03f62f1844)] -> id: Password]
2023-07-24 22:07:381 INFO  HomePage :56 - Clicking On Register Link:[[ChromeDriver: chrome on windows (77d2b2d7acb753eb2a230b099f152b0f)] -> xpath: //a[contains(text(),'Register')]]
2023-07-24 22:07:720 INFO  RegisterPage :78 - Verifying register text is displayed:[[ChromeDriver: chrome on windows (77d2b2d7acb753eb2a230b099f152b0f)] -> xpath: //h1[contains(text(),'Register')]]
2023-07-24 22:07:249 INFO  HomePage :56 - Clicking On Register Link:[[ChromeDriver: chrome on windows (a6d046e07e9792b2ec9e6127c8c2707f)] -> xpath: //a[contains(text(),'Register')]]
2023-07-24 22:07:530 INFO  RegisterPage :136 - Clicking on register button:[[ChromeDriver: chrome on windows (a6d046e07e9792b2ec9e6127c8c2707f)] -> id: register-button]
2023-07-24 22:07:643 INFO  RegisterPage :141 - Verifying first name error:[[ChromeDriver: chrome on windows (a6d046e07e9792b2ec9e6127c8c2707f)] -> id: FirstName-error]
2023-07-24 22:07:692 INFO  RegisterPage :146 - Verifying last name error:[[ChromeDriver: chrome on windows (a6d046e07e9792b2ec9e6127c8c2707f)] -> id: LastName-error]
2023-07-24 22:07:732 INFO  RegisterPage :161 - Verifying email error:[[ChromeDriver: chrome on windows (a6d046e07e9792b2ec9e6127c8c2707f)] -> id: Email-error]
2023-07-24 22:07:803 INFO  RegisterPage :151 - Verifying password error:[[ChromeDriver: chrome on windows (a6d046e07e9792b2ec9e6127c8c2707f)] -> id: Password-error]
2023-07-24 22:07:850 INFO  RegisterPage :156 - Verifying :[[ChromeDriver: chrome on windows (a6d046e07e9792b2ec9e6127c8c2707f)] -> id: ConfirmPassword]
2023-07-24 22:07:899 INFO  RegisterPage :141 - Verifying first name error:[[ChromeDriver: chrome on windows (a6d046e07e9792b2ec9e6127c8c2707f)] -> id: FirstName-error]
2023-07-24 22:07:933 INFO  RegisterPage :146 - Verifying last name error:[[ChromeDriver: chrome on windows (a6d046e07e9792b2ec9e6127c8c2707f)] -> id: LastName-error]
2023-07-24 22:07:969 INFO  RegisterPage :161 - Verifying email error:[[ChromeDriver: chrome on windows (a6d046e07e9792b2ec9e6127c8c2707f)] -> id: Email-error]
2023-07-24 22:07:997 INFO  RegisterPage :151 - Verifying password error:[[ChromeDriver: chrome on windows (a6d046e07e9792b2ec9e6127c8c2707f)] -> id: Password-error]
2023-07-24 22:07:24 INFO  RegisterPage :156 - Verifying :[[ChromeDriver: chrome on windows (a6d046e07e9792b2ec9e6127c8c2707f)] -> id: ConfirmPassword]
2023-07-24 22:07:60 INFO  RegisterPage :141 - Verifying first name error:[[ChromeDriver: chrome on windows (a6d046e07e9792b2ec9e6127c8c2707f)] -> id: FirstName-error]
2023-07-24 22:07:86 INFO  RegisterPage :146 - Verifying last name error:[[ChromeDriver: chrome on windows (a6d046e07e9792b2ec9e6127c8c2707f)] -> id: LastName-error]
2023-07-24 22:07:111 INFO  RegisterPage :161 - Verifying email error:[[ChromeDriver: chrome on windows (a6d046e07e9792b2ec9e6127c8c2707f)] -> id: Email-error]
2023-07-24 22:07:139 INFO  RegisterPage :151 - Verifying password error:[[ChromeDriver: chrome on windows (a6d046e07e9792b2ec9e6127c8c2707f)] -> id: Password-error]
2023-07-24 22:07:179 INFO  RegisterPage :156 - Verifying :[[ChromeDriver: chrome on windows (a6d046e07e9792b2ec9e6127c8c2707f)] -> id: ConfirmPassword]
2023-07-24 22:07:224 INFO  RegisterPage :141 - Verifying first name error:[[ChromeDriver: chrome on windows (a6d046e07e9792b2ec9e6127c8c2707f)] -> id: FirstName-error]
2023-07-24 22:07:249 INFO  RegisterPage :146 - Verifying last name error:[[ChromeDriver: chrome on windows (a6d046e07e9792b2ec9e6127c8c2707f)] -> id: LastName-error]
2023-07-24 22:07:272 INFO  RegisterPage :161 - Verifying email error:[[ChromeDriver: chrome on windows (a6d046e07e9792b2ec9e6127c8c2707f)] -> id: Email-error]
2023-07-24 22:07:295 INFO  RegisterPage :151 - Verifying password error:[[ChromeDriver: chrome on windows (a6d046e07e9792b2ec9e6127c8c2707f)] -> id: Password-error]
2023-07-24 22:07:317 INFO  RegisterPage :156 - Verifying :[[ChromeDriver: chrome on windows (a6d046e07e9792b2ec9e6127c8c2707f)] -> id: ConfirmPassword]
2023-07-24 22:07:354 INFO  RegisterPage :141 - Verifying first name error:[[ChromeDriver: chrome on windows (a6d046e07e9792b2ec9e6127c8c2707f)] -> id: FirstName-error]
2023-07-24 22:07:378 INFO  RegisterPage :146 - Verifying last name error:[[ChromeDriver: chrome on windows (a6d046e07e9792b2ec9e6127c8c2707f)] -> id: LastName-error]
2023-07-24 22:07:401 INFO  RegisterPage :161 - Verifying email error:[[ChromeDriver: chrome on windows (a6d046e07e9792b2ec9e6127c8c2707f)] -> id: Email-error]
2023-07-24 22:07:425 INFO  RegisterPage :151 - Verifying password error:[[ChromeDriver: chrome on windows (a6d046e07e9792b2ec9e6127c8c2707f)] -> id: Password-error]
2023-07-24 22:07:449 INFO  RegisterPage :156 - Verifying :[[ChromeDriver: chrome on windows (a6d046e07e9792b2ec9e6127c8c2707f)] -> id: ConfirmPassword]
2023-07-24 22:07:16 INFO  HomePage :56 - Clicking On Register Link:[[ChromeDriver: chrome on windows (f82a1312e9004c433bb49aa68429d617)] -> xpath: //a[contains(text(),'Register')]]
2023-07-24 22:07:690 INFO  RegisterPage :83 - selecting gender:
2023-07-24 22:07:720 INFO  RegisterPage :97 - Entering  first name:[[ChromeDriver: chrome on windows (f82a1312e9004c433bb49aa68429d617)] -> id: FirstName]
2023-07-24 22:07:844 INFO  RegisterPage :102 - Entering  last name:[[ChromeDriver: chrome on windows (f82a1312e9004c433bb49aa68429d617)] -> id: LastName]
2023-07-24 22:07:980 INFO  RegisterPage :107 - Entering  date of birth day:[[ChromeDriver: chrome on windows (f82a1312e9004c433bb49aa68429d617)] -> name: DateOfBirthDay]
2023-07-24 22:07:154 INFO  RegisterPage :112 - Entering  date of birth month:[[ChromeDriver: chrome on windows (f82a1312e9004c433bb49aa68429d617)] -> name: DateOfBirthMonth]
2023-07-24 22:07:298 INFO  RegisterPage :117 - Entering  date of birth year:[[ChromeDriver: chrome on windows (f82a1312e9004c433bb49aa68429d617)] -> name: DateOfBirthYear]
2023-07-24 22:07:420 INFO  RegisterPage :121 - Entering  email address:[[ChromeDriver: chrome on windows (f82a1312e9004c433bb49aa68429d617)] -> id: Email]
2023-07-24 22:07:558 INFO  RegisterPage :126 - Entering password:[[ChromeDriver: chrome on windows (f82a1312e9004c433bb49aa68429d617)] -> id: Password]
2023-07-24 22:07:650 INFO  HomePage :56 - Clicking On Register Link:[[ChromeDriver: chrome on windows (cca21c55201a87e852e3e9c1208f09ee)] -> xpath: //a[contains(text(),'Register')]]
2023-07-24 22:07:553 INFO  RegisterPage :78 - Verifying register text is displayed:[[ChromeDriver: chrome on windows (cca21c55201a87e852e3e9c1208f09ee)] -> xpath: //h1[contains(text(),'Register')]]
2023-07-24 22:07:891 INFO  HomePage :56 - Clicking On Register Link:[[ChromeDriver: chrome on windows (9af7272a91366504eed323f298f1f7f9)] -> xpath: //a[contains(text(),'Register')]]
2023-07-24 22:07:964 INFO  RegisterPage :136 - Clicking on register button:[[ChromeDriver: chrome on windows (9af7272a91366504eed323f298f1f7f9)] -> id: register-button]
2023-07-24 22:07:100 INFO  RegisterPage :141 - Verifying first name error:[[ChromeDriver: chrome on windows (9af7272a91366504eed323f298f1f7f9)] -> id: FirstName-error]
2023-07-24 22:07:175 INFO  RegisterPage :146 - Verifying last name error:[[ChromeDriver: chrome on windows (9af7272a91366504eed323f298f1f7f9)] -> id: LastName-error]
2023-07-24 22:07:217 INFO  RegisterPage :161 - Verifying email error:[[ChromeDriver: chrome on windows (9af7272a91366504eed323f298f1f7f9)] -> id: Email-error]
2023-07-24 22:07:262 INFO  RegisterPage :151 - Verifying password error:[[ChromeDriver: chrome on windows (9af7272a91366504eed323f298f1f7f9)] -> id: Password-error]
2023-07-24 22:07:314 INFO  RegisterPage :156 - Verifying :[[ChromeDriver: chrome on windows (9af7272a91366504eed323f298f1f7f9)] -> id: ConfirmPassword]
2023-07-24 22:07:363 INFO  RegisterPage :141 - Verifying first name error:[[ChromeDriver: chrome on windows (9af7272a91366504eed323f298f1f7f9)] -> id: FirstName-error]
2023-07-24 22:07:390 INFO  RegisterPage :146 - Verifying last name error:[[ChromeDriver: chrome on windows (9af7272a91366504eed323f298f1f7f9)] -> id: LastName-error]
2023-07-24 22:07:420 INFO  RegisterPage :161 - Verifying email error:[[ChromeDriver: chrome on windows (9af7272a91366504eed323f298f1f7f9)] -> id: Email-error]
2023-07-24 22:07:452 INFO  RegisterPage :151 - Verifying password error:[[ChromeDriver: chrome on windows (9af7272a91366504eed323f298f1f7f9)] -> id: Password-error]
2023-07-24 22:07:486 INFO  RegisterPage :156 - Verifying :[[ChromeDriver: chrome on windows (9af7272a91366504eed323f298f1f7f9)] -> id: ConfirmPassword]
2023-07-24 22:07:525 INFO  RegisterPage :141 - Verifying first name error:[[ChromeDriver: chrome on windows (9af7272a91366504eed323f298f1f7f9)] -> id: FirstName-error]
2023-07-24 22:07:553 INFO  RegisterPage :146 - Verifying last name error:[[ChromeDriver: chrome on windows (9af7272a91366504eed323f298f1f7f9)] -> id: LastName-error]
2023-07-24 22:07:579 INFO  RegisterPage :161 - Verifying email error:[[ChromeDriver: chrome on windows (9af7272a91366504eed323f298f1f7f9)] -> id: Email-error]
2023-07-24 22:07:610 INFO  RegisterPage :151 - Verifying password error:[[ChromeDriver: chrome on windows (9af7272a91366504eed323f298f1f7f9)] -> id: Password-error]
2023-07-24 22:07:652 INFO  RegisterPage :156 - Verifying :[[ChromeDriver: chrome on windows (9af7272a91366504eed323f298f1f7f9)] -> id: ConfirmPassword]
2023-07-24 22:07:694 INFO  RegisterPage :141 - Verifying first name error:[[ChromeDriver: chrome on windows (9af7272a91366504eed323f298f1f7f9)] -> id: FirstName-error]
2023-07-24 22:07:723 INFO  RegisterPage :146 - Verifying last name error:[[ChromeDriver: chrome on windows (9af7272a91366504eed323f298f1f7f9)] -> id: LastName-error]
2023-07-24 22:07:748 INFO  RegisterPage :161 - Verifying email error:[[ChromeDriver: chrome on windows (9af7272a91366504eed323f298f1f7f9)] -> id: Email-error]
2023-07-24 22:07:773 INFO  RegisterPage :151 - Verifying password error:[[ChromeDriver: chrome on windows (9af7272a91366504eed323f298f1f7f9)] -> id: Password-error]
2023-07-24 22:07:796 INFO  RegisterPage :156 - Verifying :[[ChromeDriver: chrome on windows (9af7272a91366504eed323f298f1f7f9)] -> id: ConfirmPassword]
2023-07-24 22:07:841 INFO  RegisterPage :141 - Verifying first name error:[[ChromeDriver: chrome on windows (9af7272a91366504eed323f298f1f7f9)] -> id: FirstName-error]
2023-07-24 22:07:868 INFO  RegisterPage :146 - Verifying last name error:[[ChromeDriver: chrome on windows (9af7272a91366504eed323f298f1f7f9)] -> id: LastName-error]
2023-07-24 22:07:893 INFO  RegisterPage :161 - Verifying email error:[[ChromeDriver: chrome on windows (9af7272a91366504eed323f298f1f7f9)] -> id: Email-error]
2023-07-24 22:07:924 INFO  RegisterPage :151 - Verifying password error:[[ChromeDriver: chrome on windows (9af7272a91366504eed323f298f1f7f9)] -> id: Password-error]
2023-07-24 22:07:945 INFO  RegisterPage :156 - Verifying :[[ChromeDriver: chrome on windows (9af7272a91366504eed323f298f1f7f9)] -> id: ConfirmPassword]
2023-07-24 22:07:696 INFO  HomePage :56 - Clicking On Register Link:[[ChromeDriver: chrome on windows (67621fcaa0bb0d1e5f92a9bc6ae46e12)] -> xpath: //a[contains(text(),'Register')]]
2023-07-24 22:07:640 INFO  RegisterPage :83 - selecting gender:
2023-07-24 22:07:667 INFO  RegisterPage :97 - Entering  first name:[[ChromeDriver: chrome on windows (67621fcaa0bb0d1e5f92a9bc6ae46e12)] -> id: FirstName]
2023-07-24 22:07:794 INFO  RegisterPage :102 - Entering  last name:[[ChromeDriver: chrome on windows (67621fcaa0bb0d1e5f92a9bc6ae46e12)] -> id: LastName]
2023-07-24 22:07:944 INFO  RegisterPage :107 - Entering  date of birth day:[[ChromeDriver: chrome on windows (67621fcaa0bb0d1e5f92a9bc6ae46e12)] -> name: DateOfBirthDay]
2023-07-24 22:07:109 INFO  RegisterPage :112 - Entering  date of birth month:[[ChromeDriver: chrome on windows (67621fcaa0bb0d1e5f92a9bc6ae46e12)] -> name: DateOfBirthMonth]
2023-07-24 22:07:238 INFO  RegisterPage :117 - Entering  date of birth year:[[ChromeDriver: chrome on windows (67621fcaa0bb0d1e5f92a9bc6ae46e12)] -> name: DateOfBirthYear]
2023-07-24 22:07:351 INFO  RegisterPage :121 - Entering  email address:[[ChromeDriver: chrome on windows (67621fcaa0bb0d1e5f92a9bc6ae46e12)] -> id: Email]
2023-07-24 22:07:466 INFO  RegisterPage :126 - Entering password:[[ChromeDriver: chrome on windows (67621fcaa0bb0d1e5f92a9bc6ae46e12)] -> id: Password]
2023-07-24 22:07:628 INFO  HomePage :56 - Clicking On Register Link:[[ChromeDriver: chrome on windows (b616f9239c71397287ae7bf3274916d2)] -> xpath: //a[contains(text(),'Register')]]
2023-07-24 22:07:558 INFO  RegisterPage :78 - Verifying register text is displayed:[[ChromeDriver: chrome on windows (b616f9239c71397287ae7bf3274916d2)] -> xpath: //h1[contains(text(),'Register')]]
2023-07-24 22:07:878 INFO  HomePage :56 - Clicking On Register Link:[[ChromeDriver: chrome on windows (9c7e122d977ff8458fcdad2c19bcbcfa)] -> xpath: //a[contains(text(),'Register')]]
2023-07-24 22:07:175 INFO  RegisterPage :136 - Clicking on register button:[[ChromeDriver: chrome on windows (9c7e122d977ff8458fcdad2c19bcbcfa)] -> id: register-button]
2023-07-24 22:07:284 INFO  RegisterPage :141 - Verifying first name error:[[ChromeDriver: chrome on windows (9c7e122d977ff8458fcdad2c19bcbcfa)] -> id: FirstName-error]
2023-07-24 22:07:340 INFO  RegisterPage :146 - Verifying last name error:[[ChromeDriver: chrome on windows (9c7e122d977ff8458fcdad2c19bcbcfa)] -> id: LastName-error]
2023-07-24 22:07:390 INFO  RegisterPage :161 - Verifying email error:[[ChromeDriver: chrome on windows (9c7e122d977ff8458fcdad2c19bcbcfa)] -> id: Email-error]
2023-07-24 22:07:441 INFO  RegisterPage :151 - Verifying password error:[[ChromeDriver: chrome on windows (9c7e122d977ff8458fcdad2c19bcbcfa)] -> id: Password-error]
2023-07-24 22:07:478 INFO  RegisterPage :156 - Verifying :[[ChromeDriver: chrome on windows (9c7e122d977ff8458fcdad2c19bcbcfa)] -> id: ConfirmPassword]
2023-07-24 22:07:530 INFO  RegisterPage :141 - Verifying first name error:[[ChromeDriver: chrome on windows (9c7e122d977ff8458fcdad2c19bcbcfa)] -> id: FirstName-error]
2023-07-24 22:07:558 INFO  RegisterPage :146 - Verifying last name error:[[ChromeDriver: chrome on windows (9c7e122d977ff8458fcdad2c19bcbcfa)] -> id: LastName-error]
2023-07-24 22:07:583 INFO  RegisterPage :161 - Verifying email error:[[ChromeDriver: chrome on windows (9c7e122d977ff8458fcdad2c19bcbcfa)] -> id: Email-error]
2023-07-24 22:07:609 INFO  RegisterPage :151 - Verifying password error:[[ChromeDriver: chrome on windows (9c7e122d977ff8458fcdad2c19bcbcfa)] -> id: Password-error]
2023-07-24 22:07:641 INFO  RegisterPage :156 - Verifying :[[ChromeDriver: chrome on windows (9c7e122d977ff8458fcdad2c19bcbcfa)] -> id: ConfirmPassword]
2023-07-24 22:07:689 INFO  RegisterPage :141 - Verifying first name error:[[ChromeDriver: chrome on windows (9c7e122d977ff8458fcdad2c19bcbcfa)] -> id: FirstName-error]
2023-07-24 22:07:717 INFO  RegisterPage :146 - Verifying last name error:[[ChromeDriver: chrome on windows (9c7e122d977ff8458fcdad2c19bcbcfa)] -> id: LastName-error]
2023-07-24 22:07:741 INFO  RegisterPage :161 - Verifying email error:[[ChromeDriver: chrome on windows (9c7e122d977ff8458fcdad2c19bcbcfa)] -> id: Email-error]
2023-07-24 22:07:763 INFO  RegisterPage :151 - Verifying password error:[[ChromeDriver: chrome on windows (9c7e122d977ff8458fcdad2c19bcbcfa)] -> id: Password-error]
2023-07-24 22:07:787 INFO  RegisterPage :156 - Verifying :[[ChromeDriver: chrome on windows (9c7e122d977ff8458fcdad2c19bcbcfa)] -> id: ConfirmPassword]
2023-07-24 22:07:822 INFO  RegisterPage :141 - Verifying first name error:[[ChromeDriver: chrome on windows (9c7e122d977ff8458fcdad2c19bcbcfa)] -> id: FirstName-error]
2023-07-24 22:07:864 INFO  RegisterPage :146 - Verifying last name error:[[ChromeDriver: chrome on windows (9c7e122d977ff8458fcdad2c19bcbcfa)] -> id: LastName-error]
2023-07-24 22:07:892 INFO  RegisterPage :161 - Verifying email error:[[ChromeDriver: chrome on windows (9c7e122d977ff8458fcdad2c19bcbcfa)] -> id: Email-error]
2023-07-24 22:07:918 INFO  RegisterPage :151 - Verifying password error:[[ChromeDriver: chrome on windows (9c7e122d977ff8458fcdad2c19bcbcfa)] -> id: Password-error]
2023-07-24 22:07:943 INFO  RegisterPage :156 - Verifying :[[ChromeDriver: chrome on windows (9c7e122d977ff8458fcdad2c19bcbcfa)] -> id: ConfirmPassword]
2023-07-24 22:07:977 INFO  RegisterPage :141 - Verifying first name error:[[ChromeDriver: chrome on windows (9c7e122d977ff8458fcdad2c19bcbcfa)] -> id: FirstName-error]
2023-07-24 22:07:00 INFO  RegisterPage :146 - Verifying last name error:[[ChromeDriver: chrome on windows (9c7e122d977ff8458fcdad2c19bcbcfa)] -> id: LastName-error]
2023-07-24 22:07:21 INFO  RegisterPage :161 - Verifying email error:[[ChromeDriver: chrome on windows (9c7e122d977ff8458fcdad2c19bcbcfa)] -> id: Email-error]
2023-07-24 22:07:45 INFO  RegisterPage :151 - Verifying password error:[[ChromeDriver: chrome on windows (9c7e122d977ff8458fcdad2c19bcbcfa)] -> id: Password-error]
2023-07-24 22:07:68 INFO  RegisterPage :156 - Verifying :[[ChromeDriver: chrome on windows (9c7e122d977ff8458fcdad2c19bcbcfa)] -> id: ConfirmPassword]
2023-07-24 22:07:260 INFO  HomePage :56 - Clicking On Register Link:[[ChromeDriver: chrome on windows (44707bbba570014d488fecb054caa02f)] -> xpath: //a[contains(text(),'Register')]]
2023-07-24 22:07:147 INFO  RegisterPage :83 - selecting gender:
2023-07-24 22:07:176 INFO  RegisterPage :97 - Entering  first name:[[ChromeDriver: chrome on windows (44707bbba570014d488fecb054caa02f)] -> id: FirstName]
2023-07-24 22:07:309 INFO  RegisterPage :102 - Entering  last name:[[ChromeDriver: chrome on windows (44707bbba570014d488fecb054caa02f)] -> id: LastName]
2023-07-24 22:07:445 INFO  RegisterPage :107 - Entering  date of birth day:[[ChromeDriver: chrome on windows (44707bbba570014d488fecb054caa02f)] -> name: DateOfBirthDay]
2023-07-24 22:07:610 INFO  RegisterPage :112 - Entering  date of birth month:[[ChromeDriver: chrome on windows (44707bbba570014d488fecb054caa02f)] -> name: DateOfBirthMonth]
2023-07-24 22:07:727 INFO  RegisterPage :117 - Entering  date of birth year:[[ChromeDriver: chrome on windows (44707bbba570014d488fecb054caa02f)] -> name: DateOfBirthYear]
2023-07-24 22:07:840 INFO  RegisterPage :121 - Entering  email address:[[ChromeDriver: chrome on windows (44707bbba570014d488fecb054caa02f)] -> id: Email]
2023-07-24 22:07:958 INFO  RegisterPage :126 - Entering password:[[ChromeDriver: chrome on windows (44707bbba570014d488fecb054caa02f)] -> id: Password]
2023-07-24 22:07:71 INFO  RegisterPage :131 - Entering confirm password:[[ChromeDriver: chrome on windows (44707bbba570014d488fecb054caa02f)] -> id: ConfirmPassword]
2023-07-24 22:07:201 INFO  RegisterPage :136 - Clicking on register button:[[ChromeDriver: chrome on windows (44707bbba570014d488fecb054caa02f)] -> id: register-button]
2023-07-24 22:07:104 INFO  RegisterPage :166 - Verifying registration is complete message:[[ChromeDriver: chrome on windows (44707bbba570014d488fecb054caa02f)] -> xpath: //div[contains(text(),'Your registration completed')]]
2023-07-25 21:07:690 INFO  HomePage :41 - Selecting TopMenu:[[[ChromeDriver: chrome on windows (9843215154e0f274fea2101aff83e45c)] -> xpath: //ul[@class = 'top-menu notmobile']/li], [[ChromeDriver: chrome on windows (9843215154e0f274fea2101aff83e45c)] -> xpath: //ul[@class = 'top-menu notmobile']/li], [[ChromeDriver: chrome on windows (9843215154e0f274fea2101aff83e45c)] -> xpath: //ul[@class = 'top-menu notmobile']/li], [[ChromeDriver: chrome on windows (9843215154e0f274fea2101aff83e45c)] -> xpath: //ul[@class = 'top-menu notmobile']/li], [[ChromeDriver: chrome on windows (9843215154e0f274fea2101aff83e45c)] -> xpath: //ul[@class = 'top-menu notmobile']/li], [[ChromeDriver: chrome on windows (9843215154e0f274fea2101aff83e45c)] -> xpath: //ul[@class = 'top-menu notmobile']/li], [[ChromeDriver: chrome on windows (9843215154e0f274fea2101aff83e45c)] -> xpath: //ul[@class = 'top-menu notmobile']/li]]
2023-07-25 21:07:217 INFO  ComputerPage :39 - verifying Computer Text:[[ChromeDriver: chrome on windows (9843215154e0f274fea2101aff83e45c)] -> xpath: //h1[contains(text(),'Computers')]]
2023-07-25 21:07:106 INFO  HomePage :41 - Selecting TopMenu:[[[ChromeDriver: chrome on windows (e8bc19cf62b95f0489d269d354e55287)] -> xpath: //ul[@class = 'top-menu notmobile']/li], [[ChromeDriver: chrome on windows (e8bc19cf62b95f0489d269d354e55287)] -> xpath: //ul[@class = 'top-menu notmobile']/li], [[ChromeDriver: chrome on windows (e8bc19cf62b95f0489d269d354e55287)] -> xpath: //ul[@class = 'top-menu notmobile']/li], [[ChromeDriver: chrome on windows (e8bc19cf62b95f0489d269d354e55287)] -> xpath: //ul[@class = 'top-menu notmobile']/li], [[ChromeDriver: chrome on windows (e8bc19cf62b95f0489d269d354e55287)] -> xpath: //ul[@class = 'top-menu notmobile']/li], [[ChromeDriver: chrome on windows (e8bc19cf62b95f0489d269d354e55287)] -> xpath: //ul[@class = 'top-menu notmobile']/li], [[ChromeDriver: chrome on windows (e8bc19cf62b95f0489d269d354e55287)] -> xpath: //ul[@class = 'top-menu notmobile']/li]]
2023-07-25 21:07:310 INFO  ComputerPage :50 - selecting from Sublist:
2023-07-25 21:07:982 INFO  DesktopsPage :35 - verifying Desktops Text:[[ChromeDriver: chrome on windows (e8bc19cf62b95f0489d269d354e55287)] -> xpath: //h1[contains(text(),'Desktops')]]
2023-07-25 21:07:150 INFO  HomePage :41 - Selecting TopMenu:[[[ChromeDriver: chrome on windows (eccc8a51d0390681fc15e12861d3acc7)] -> xpath: //ul[@class = 'top-menu notmobile']/li], [[ChromeDriver: chrome on windows (eccc8a51d0390681fc15e12861d3acc7)] -> xpath: //ul[@class = 'top-menu notmobile']/li], [[ChromeDriver: chrome on windows (eccc8a51d0390681fc15e12861d3acc7)] -> xpath: //ul[@class = 'top-menu notmobile']/li], [[ChromeDriver: chrome on windows (eccc8a51d0390681fc15e12861d3acc7)] -> xpath: //ul[@class = 'top-menu notmobile']/li], [[ChromeDriver: chrome on windows (eccc8a51d0390681fc15e12861d3acc7)] -> xpath: //ul[@class = 'top-menu notmobile']/li], [[ChromeDriver: chrome on windows (eccc8a51d0390681fc15e12861d3acc7)] -> xpath: //ul[@class = 'top-menu notmobile']/li], [[ChromeDriver: chrome on windows (eccc8a51d0390681fc15e12861d3acc7)] -> xpath: //ul[@class = 'top-menu notmobile']/li]]
2023-07-25 21:07:412 INFO  ComputerPage :50 - selecting from Sublist:
2023-07-25 21:07:90 INFO  DesktopsPage :55 - Clicking  On Build Your Own Computer tab:[[ChromeDriver: chrome on windows (eccc8a51d0390681fc15e12861d3acc7)] -> xpath: //a[contains(text(),'Build your own computer')]]
2023-07-25 21:07:837 INFO  BuildYourComputerPage :66 - selecting Processor from dropdown box:2.2 GHz Intel Pentium Dual-Core E2200
2023-07-25 21:07:353 INFO  BuildYourComputerPage :71 - selecting Ram from dropdown box:[[ChromeDriver: chrome on windows (eccc8a51d0390681fc15e12861d3acc7)] -> id: product_attribute_2]
2023-07-25 21:07:754 INFO  HomePage :41 - Selecting TopMenu:[[[ChromeDriver: chrome on windows (ae7dd2179f458a72f47162984af24de8)] -> xpath: //ul[@class = 'top-menu notmobile']/li], [[ChromeDriver: chrome on windows (ae7dd2179f458a72f47162984af24de8)] -> xpath: //ul[@class = 'top-menu notmobile']/li], [[ChromeDriver: chrome on windows (ae7dd2179f458a72f47162984af24de8)] -> xpath: //ul[@class = 'top-menu notmobile']/li], [[ChromeDriver: chrome on windows (ae7dd2179f458a72f47162984af24de8)] -> xpath: //ul[@class = 'top-menu notmobile']/li], [[ChromeDriver: chrome on windows (ae7dd2179f458a72f47162984af24de8)] -> xpath: //ul[@class = 'top-menu notmobile']/li], [[ChromeDriver: chrome on windows (ae7dd2179f458a72f47162984af24de8)] -> xpath: //ul[@class = 'top-menu notmobile']/li], [[ChromeDriver: chrome on windows (ae7dd2179f458a72f47162984af24de8)] -> xpath: //ul[@class = 'top-menu notmobile']/li]]
2023-07-25 21:07:53 INFO  ComputerPage :50 - selecting from Sublist:
2023-07-25 21:07:700 INFO  DesktopsPage :55 - Clicking  On Build Your Own Computer tab:[[ChromeDriver: chrome on windows (ae7dd2179f458a72f47162984af24de8)] -> xpath: //a[contains(text(),'Build your own computer')]]
2023-07-25 21:07:472 INFO  BuildYourComputerPage :66 - selecting Processor from dropdown box:2.5 GHz Intel Pentium Dual -Core E2200[+$15.00]
2023-07-25 21:07:427 INFO  HomePage :41 - Selecting TopMenu:[[[ChromeDriver: chrome on windows (66773f32b15ce56ff8c2936407114571)] -> xpath: //ul[@class = 'top-menu notmobile']/li], [[ChromeDriver: chrome on windows (66773f32b15ce56ff8c2936407114571)] -> xpath: //ul[@class = 'top-menu notmobile']/li], [[ChromeDriver: chrome on windows (66773f32b15ce56ff8c2936407114571)] -> xpath: //ul[@class = 'top-menu notmobile']/li], [[ChromeDriver: chrome on windows (66773f32b15ce56ff8c2936407114571)] -> xpath: //ul[@class = 'top-menu notmobile']/li], [[ChromeDriver: chrome on windows (66773f32b15ce56ff8c2936407114571)] -> xpath: //ul[@class = 'top-menu notmobile']/li], [[ChromeDriver: chrome on windows (66773f32b15ce56ff8c2936407114571)] -> xpath: //ul[@class = 'top-menu notmobile']/li], [[ChromeDriver: chrome on windows (66773f32b15ce56ff8c2936407114571)] -> xpath: //ul[@class = 'top-menu notmobile']/li]]
2023-07-25 21:07:263 INFO  ComputerPage :50 - selecting from Sublist:
2023-07-25 21:07:984 INFO  DesktopsPage :55 - Clicking  On Build Your Own Computer tab:[[ChromeDriver: chrome on windows (66773f32b15ce56ff8c2936407114571)] -> xpath: //a[contains(text(),'Build your own computer')]]
2023-07-25 21:07:688 INFO  BuildYourComputerPage :66 - selecting Processor from dropdown box:2.5 GHz Intel Pentium Dual -Core E2200[+$15.00]
2023-07-25 21:07:738 INFO  HomePage :51 - clicking On Login Link:[[ChromeDriver: chrome on windows (fe07bf45568799ec90148848540bda2a)] -> xpath: //a[contains(text(),'Log in')]]
2023-07-25 21:07:851 INFO  HomePage :51 - clicking On Login Link:[[ChromeDriver: chrome on windows (d077bd3495c83715dbdb9c5aa4ebda89)] -> xpath: //a[contains(text(),'Log in')]]
2023-07-25 21:07:982 INFO  LoginPage :45 - Enter your email address:[[ChromeDriver: chrome on windows (d077bd3495c83715dbdb9c5aa4ebda89)] -> id: Email]
2023-07-25 21:07:262 INFO  LoginPage :52 - Entering password in password field:[[ChromeDriver: chrome on windows (d077bd3495c83715dbdb9c5aa4ebda89)] -> name: Password]
2023-07-25 21:07:475 INFO  LoginPage :59 - Clicking on login button:[[ChromeDriver: chrome on windows (d077bd3495c83715dbdb9c5aa4ebda89)] -> xpath: //button[contains(text(),'Log in')]]
2023-07-25 21:07:08 INFO  LoginPage :66 - Verifying Error Message:[[ChromeDriver: chrome on windows (d077bd3495c83715dbdb9c5aa4ebda89)] -> xpath: //div[@class='message-error validation-summary-errors']]
2023-07-25 21:07:07 INFO  HomePage :51 - clicking On Login Link:[[ChromeDriver: chrome on windows (47cf5699f902ebad5f9c6cec962a2879)] -> xpath: //a[contains(text(),'Log in')]]
2023-07-25 21:07:73 INFO  LoginPage :45 - Enter your email address:[[ChromeDriver: chrome on windows (47cf5699f902ebad5f9c6cec962a2879)] -> id: Email]
2023-07-25 21:07:227 INFO  LoginPage :52 - Entering password in password field:[[ChromeDriver: chrome on windows (47cf5699f902ebad5f9c6cec962a2879)] -> name: Password]
2023-07-25 21:07:402 INFO  LoginPage :59 - Clicking on login button:[[ChromeDriver: chrome on windows (47cf5699f902ebad5f9c6cec962a2879)] -> xpath: //button[contains(text(),'Log in')]]
2023-07-25 21:07:926 INFO  LoginPage :71 - Verifying logout link is displayed:Proxy element for: DefaultElementLocator 'By.xpath: //a[contains(text(),'Log out')]'
2023-07-25 21:07:406 INFO  HomePage :51 - clicking On Login Link:[[ChromeDriver: chrome on windows (5c0324df3f2c9beb83a97e01114116b1)] -> xpath: //a[contains(text(),'Log in')]]
2023-07-25 21:07:622 INFO  LoginPage :45 - Enter your email address:[[ChromeDriver: chrome on windows (5c0324df3f2c9beb83a97e01114116b1)] -> id: Email]
2023-07-25 21:07:886 INFO  LoginPage :52 - Entering password in password field:[[ChromeDriver: chrome on windows (5c0324df3f2c9beb83a97e01114116b1)] -> name: Password]
2023-07-25 21:07:128 INFO  LoginPage :59 - Clicking on login button:[[ChromeDriver: chrome on windows (5c0324df3f2c9beb83a97e01114116b1)] -> xpath: //button[contains(text(),'Log in')]]
2023-07-25 21:07:927 INFO  LoginPage :80 - Verifying loging link is displayed:[[ChromeDriver: chrome on windows (5c0324df3f2c9beb83a97e01114116b1)] -> css selector: .ico-login]
2023-07-25 21:07:652 INFO  HomePage :56 - Clicking On Register Link:[[ChromeDriver: chrome on windows (4783e935c93c52b0a05447a341ef7fed)] -> xpath: //a[contains(text(),'Register')]]
2023-07-25 21:07:889 INFO  RegisterPage :78 - Verifying register text is displayed:[[ChromeDriver: chrome on windows (4783e935c93c52b0a05447a341ef7fed)] -> xpath: //h1[contains(text(),'Register')]]
2023-07-25 21:07:504 INFO  HomePage :56 - Clicking On Register Link:[[ChromeDriver: chrome on windows (7e075f745bb90d18598417b2a3e0f2be)] -> xpath: //a[contains(text(),'Register')]]
2023-07-25 21:07:741 INFO  RegisterPage :136 - Clicking on register button:[[ChromeDriver: chrome on windows (7e075f745bb90d18598417b2a3e0f2be)] -> id: register-button]
2023-07-25 21:07:22 INFO  RegisterPage :141 - Verifying first name error:[[ChromeDriver: chrome on windows (7e075f745bb90d18598417b2a3e0f2be)] -> id: FirstName-error]
2023-07-25 21:07:118 INFO  RegisterPage :146 - Verifying last name error:[[ChromeDriver: chrome on windows (7e075f745bb90d18598417b2a3e0f2be)] -> id: LastName-error]
2023-07-25 21:07:178 INFO  RegisterPage :161 - Verifying email error:[[ChromeDriver: chrome on windows (7e075f745bb90d18598417b2a3e0f2be)] -> id: Email-error]
2023-07-25 21:07:232 INFO  RegisterPage :151 - Verifying password error:[[ChromeDriver: chrome on windows (7e075f745bb90d18598417b2a3e0f2be)] -> id: Password-error]
2023-07-25 21:07:284 INFO  RegisterPage :156 - Verifying :[[ChromeDriver: chrome on windows (7e075f745bb90d18598417b2a3e0f2be)] -> id: ConfirmPassword]
2023-07-25 21:07:336 INFO  RegisterPage :141 - Verifying first name error:[[ChromeDriver: chrome on windows (7e075f745bb90d18598417b2a3e0f2be)] -> id: FirstName-error]
2023-07-25 21:07:383 INFO  RegisterPage :146 - Verifying last name error:[[ChromeDriver: chrome on windows (7e075f745bb90d18598417b2a3e0f2be)] -> id: LastName-error]
2023-07-25 21:07:417 INFO  RegisterPage :161 - Verifying email error:[[ChromeDriver: chrome on windows (7e075f745bb90d18598417b2a3e0f2be)] -> id: Email-error]
2023-07-25 21:07:462 INFO  RegisterPage :151 - Verifying password error:[[ChromeDriver: chrome on windows (7e075f745bb90d18598417b2a3e0f2be)] -> id: Password-error]
2023-07-25 21:07:524 INFO  RegisterPage :156 - Verifying :[[ChromeDriver: chrome on windows (7e075f745bb90d18598417b2a3e0f2be)] -> id: ConfirmPassword]
2023-07-25 21:07:647 INFO  RegisterPage :141 - Verifying first name error:[[ChromeDriver: chrome on windows (7e075f745bb90d18598417b2a3e0f2be)] -> id: FirstName-error]
2023-07-25 21:07:767 INFO  RegisterPage :146 - Verifying last name error:[[ChromeDriver: chrome on windows (7e075f745bb90d18598417b2a3e0f2be)] -> id: LastName-error]
2023-07-25 21:07:894 INFO  RegisterPage :161 - Verifying email error:[[ChromeDriver: chrome on windows (7e075f745bb90d18598417b2a3e0f2be)] -> id: Email-error]
2023-07-25 21:07:944 INFO  RegisterPage :151 - Verifying password error:[[ChromeDriver: chrome on windows (7e075f745bb90d18598417b2a3e0f2be)] -> id: Password-error]
2023-07-25 21:07:991 INFO  RegisterPage :156 - Verifying :[[ChromeDriver: chrome on windows (7e075f745bb90d18598417b2a3e0f2be)] -> id: ConfirmPassword]
2023-07-25 21:07:71 INFO  RegisterPage :141 - Verifying first name error:[[ChromeDriver: chrome on windows (7e075f745bb90d18598417b2a3e0f2be)] -> id: FirstName-error]
2023-07-25 21:07:120 INFO  RegisterPage :146 - Verifying last name error:[[ChromeDriver: chrome on windows (7e075f745bb90d18598417b2a3e0f2be)] -> id: LastName-error]
2023-07-25 21:07:182 INFO  RegisterPage :161 - Verifying email error:[[ChromeDriver: chrome on windows (7e075f745bb90d18598417b2a3e0f2be)] -> id: Email-error]
2023-07-25 21:07:225 INFO  RegisterPage :151 - Verifying password error:[[ChromeDriver: chrome on windows (7e075f745bb90d18598417b2a3e0f2be)] -> id: Password-error]
2023-07-25 21:07:271 INFO  RegisterPage :156 - Verifying :[[ChromeDriver: chrome on windows (7e075f745bb90d18598417b2a3e0f2be)] -> id: ConfirmPassword]
2023-07-25 21:07:336 INFO  RegisterPage :141 - Verifying first name error:[[ChromeDriver: chrome on windows (7e075f745bb90d18598417b2a3e0f2be)] -> id: FirstName-error]
2023-07-25 21:07:368 INFO  RegisterPage :146 - Verifying last name error:[[ChromeDriver: chrome on windows (7e075f745bb90d18598417b2a3e0f2be)] -> id: LastName-error]
2023-07-25 21:07:408 INFO  RegisterPage :161 - Verifying email error:[[ChromeDriver: chrome on windows (7e075f745bb90d18598417b2a3e0f2be)] -> id: Email-error]
2023-07-25 21:07:462 INFO  RegisterPage :151 - Verifying password error:[[ChromeDriver: chrome on windows (7e075f745bb90d18598417b2a3e0f2be)] -> id: Password-error]
2023-07-25 21:07:516 INFO  RegisterPage :156 - Verifying :[[ChromeDriver: chrome on windows (7e075f745bb90d18598417b2a3e0f2be)] -> id: ConfirmPassword]
2023-07-25 21:07:73 INFO  HomePage :56 - Clicking On Register Link:[[ChromeDriver: chrome on windows (ad2b5a2a4adb77e59b56e9166b452432)] -> xpath: //a[contains(text(),'Register')]]
2023-07-25 21:07:729 INFO  RegisterPage :83 - selecting gender:
2023-07-25 21:07:764 INFO  RegisterPage :97 - Entering  first name:[[ChromeDriver: chrome on windows (ad2b5a2a4adb77e59b56e9166b452432)] -> id: FirstName]
2023-07-25 21:07:05 INFO  RegisterPage :102 - Entering  last name:[[ChromeDriver: chrome on windows (ad2b5a2a4adb77e59b56e9166b452432)] -> id: LastName]
2023-07-25 21:07:216 INFO  RegisterPage :107 - Entering  date of birth day:[[ChromeDriver: chrome on windows (ad2b5a2a4adb77e59b56e9166b452432)] -> name: DateOfBirthDay]
2023-07-25 21:07:406 INFO  RegisterPage :112 - Entering  date of birth month:[[ChromeDriver: chrome on windows (ad2b5a2a4adb77e59b56e9166b452432)] -> name: DateOfBirthMonth]
2023-07-25 21:07:574 INFO  RegisterPage :117 - Entering  date of birth year:[[ChromeDriver: chrome on windows (ad2b5a2a4adb77e59b56e9166b452432)] -> name: DateOfBirthYear]
2023-07-25 21:07:730 INFO  RegisterPage :121 - Entering  email address:[[ChromeDriver: chrome on windows (ad2b5a2a4adb77e59b56e9166b452432)] -> id: Email]
2023-07-25 21:07:878 INFO  RegisterPage :126 - Entering password:[[ChromeDriver: chrome on windows (ad2b5a2a4adb77e59b56e9166b452432)] -> id: Password]
2023-07-25 21:07:58 INFO  RegisterPage :131 - Entering confirm password:[[ChromeDriver: chrome on windows (ad2b5a2a4adb77e59b56e9166b452432)] -> id: ConfirmPassword]
2023-07-25 21:07:231 INFO  RegisterPage :136 - Clicking on register button:[[ChromeDriver: chrome on windows (ad2b5a2a4adb77e59b56e9166b452432)] -> id: register-button]
2023-07-25 21:07:204 INFO  RegisterPage :166 - Verifying registration is complete message:[[ChromeDriver: chrome on windows (ad2b5a2a4adb77e59b56e9166b452432)] -> xpath: //div[contains(text(),'Your registration completed')]]
2023-07-25 23:07:668 INFO  HomePage :41 - Selecting TopMenu:[[[ChromeDriver: chrome on windows (07c55bd6634cb7ef98a666ba6dc0cfce)] -> xpath: //ul[@class = 'top-menu notmobile']/li], [[ChromeDriver: chrome on windows (07c55bd6634cb7ef98a666ba6dc0cfce)] -> xpath: //ul[@class = 'top-menu notmobile']/li], [[ChromeDriver: chrome on windows (07c55bd6634cb7ef98a666ba6dc0cfce)] -> xpath: //ul[@class = 'top-menu notmobile']/li], [[ChromeDriver: chrome on windows (07c55bd6634cb7ef98a666ba6dc0cfce)] -> xpath: //ul[@class = 'top-menu notmobile']/li], [[ChromeDriver: chrome on windows (07c55bd6634cb7ef98a666ba6dc0cfce)] -> xpath: //ul[@class = 'top-menu notmobile']/li], [[ChromeDriver: chrome on windows (07c55bd6634cb7ef98a666ba6dc0cfce)] -> xpath: //ul[@class = 'top-menu notmobile']/li], [[ChromeDriver: chrome on windows (07c55bd6634cb7ef98a666ba6dc0cfce)] -> xpath: //ul[@class = 'top-menu notmobile']/li]]
2023-07-25 23:07:927 INFO  ComputerPage :39 - verifying Computer Text:[[ChromeDriver: chrome on windows (07c55bd6634cb7ef98a666ba6dc0cfce)] -> xpath: //h1[contains(text(),'Computers')]]
2023-07-25 23:07:699 INFO  HomePage :41 - Selecting TopMenu:[[[ChromeDriver: chrome on windows (24af7c4d548b9f274447e1db955d71f7)] -> xpath: //ul[@class = 'top-menu notmobile']/li], [[ChromeDriver: chrome on windows (24af7c4d548b9f274447e1db955d71f7)] -> xpath: //ul[@class = 'top-menu notmobile']/li], [[ChromeDriver: chrome on windows (24af7c4d548b9f274447e1db955d71f7)] -> xpath: //ul[@class = 'top-menu notmobile']/li], [[ChromeDriver: chrome on windows (24af7c4d548b9f274447e1db955d71f7)] -> xpath: //ul[@class = 'top-menu notmobile']/li], [[ChromeDriver: chrome on windows (24af7c4d548b9f274447e1db955d71f7)] -> xpath: //ul[@class = 'top-menu notmobile']/li], [[ChromeDriver: chrome on windows (24af7c4d548b9f274447e1db955d71f7)] -> xpath: //ul[@class = 'top-menu notmobile']/li], [[ChromeDriver: chrome on windows (24af7c4d548b9f274447e1db955d71f7)] -> xpath: //ul[@class = 'top-menu notmobile']/li]]
2023-07-25 23:07:926 INFO  ComputerPage :50 - selecting from Sublist:
2023-07-25 23:07:709 INFO  DesktopsPage :35 - verifying Desktops Text:[[ChromeDriver: chrome on windows (24af7c4d548b9f274447e1db955d71f7)] -> xpath: //h1[contains(text(),'Desktops')]]
2023-07-25 23:07:651 INFO  HomePage :41 - Selecting TopMenu:[[[ChromeDriver: chrome on windows (d51c578241742abbecaa4f6be793d293)] -> xpath: //ul[@class = 'top-menu notmobile']/li], [[ChromeDriver: chrome on windows (d51c578241742abbecaa4f6be793d293)] -> xpath: //ul[@class = 'top-menu notmobile']/li], [[ChromeDriver: chrome on windows (d51c578241742abbecaa4f6be793d293)] -> xpath: //ul[@class = 'top-menu notmobile']/li], [[ChromeDriver: chrome on windows (d51c578241742abbecaa4f6be793d293)] -> xpath: //ul[@class = 'top-menu notmobile']/li], [[ChromeDriver: chrome on windows (d51c578241742abbecaa4f6be793d293)] -> xpath: //ul[@class = 'top-menu notmobile']/li], [[ChromeDriver: chrome on windows (d51c578241742abbecaa4f6be793d293)] -> xpath: //ul[@class = 'top-menu notmobile']/li], [[ChromeDriver: chrome on windows (d51c578241742abbecaa4f6be793d293)] -> xpath: //ul[@class = 'top-menu notmobile']/li]]
2023-07-25 23:07:846 INFO  ComputerPage :50 - selecting from Sublist:
2023-07-25 23:07:421 INFO  DesktopsPage :55 - Clicking  On Build Your Own Computer tab:[[ChromeDriver: chrome on windows (d51c578241742abbecaa4f6be793d293)] -> xpath: //a[contains(text(),'Build your own computer')]]
2023-07-25 23:07:45 INFO  BuildYourComputerPage :66 - selecting Processor from dropdown box:2.2 GHz Intel Pentium Dual-Core E2200
2023-07-25 23:07:364 INFO  BuildYourComputerPage :71 - selecting Ram from dropdown box:[[ChromeDriver: chrome on windows (d51c578241742abbecaa4f6be793d293)] -> id: product_attribute_2]
2023-07-25 23:07:173 INFO  HomePage :41 - Selecting TopMenu:[[[ChromeDriver: chrome on windows (e4bb1717e0e0ad245de991a550831e74)] -> xpath: //ul[@class = 'top-menu notmobile']/li], [[ChromeDriver: chrome on windows (e4bb1717e0e0ad245de991a550831e74)] -> xpath: //ul[@class = 'top-menu notmobile']/li], [[ChromeDriver: chrome on windows (e4bb1717e0e0ad245de991a550831e74)] -> xpath: //ul[@class = 'top-menu notmobile']/li], [[ChromeDriver: chrome on windows (e4bb1717e0e0ad245de991a550831e74)] -> xpath: //ul[@class = 'top-menu notmobile']/li], [[ChromeDriver: chrome on windows (e4bb1717e0e0ad245de991a550831e74)] -> xpath: //ul[@class = 'top-menu notmobile']/li], [[ChromeDriver: chrome on windows (e4bb1717e0e0ad245de991a550831e74)] -> xpath: //ul[@class = 'top-menu notmobile']/li], [[ChromeDriver: chrome on windows (e4bb1717e0e0ad245de991a550831e74)] -> xpath: //ul[@class = 'top-menu notmobile']/li]]
2023-07-25 23:07:246 INFO  ComputerPage :50 - selecting from Sublist:
2023-07-25 23:07:754 INFO  DesktopsPage :55 - Clicking  On Build Your Own Computer tab:[[ChromeDriver: chrome on windows (e4bb1717e0e0ad245de991a550831e74)] -> xpath: //a[contains(text(),'Build your own computer')]]
2023-07-25 23:07:320 INFO  BuildYourComputerPage :66 - selecting Processor from dropdown box:2.5 GHz Intel Pentium Dual -Core E2200[+$15.00]
2023-07-25 23:07:870 INFO  HomePage :41 - Selecting TopMenu:[[[ChromeDriver: chrome on windows (767f96ba9aa190dff10fa1b0fb46765e)] -> xpath: //ul[@class = 'top-menu notmobile']/li], [[ChromeDriver: chrome on windows (767f96ba9aa190dff10fa1b0fb46765e)] -> xpath: //ul[@class = 'top-menu notmobile']/li], [[ChromeDriver: chrome on windows (767f96ba9aa190dff10fa1b0fb46765e)] -> xpath: //ul[@class = 'top-menu notmobile']/li], [[ChromeDriver: chrome on windows (767f96ba9aa190dff10fa1b0fb46765e)] -> xpath: //ul[@class = 'top-menu notmobile']/li], [[ChromeDriver: chrome on windows (767f96ba9aa190dff10fa1b0fb46765e)] -> xpath: //ul[@class = 'top-menu notmobile']/li], [[ChromeDriver: chrome on windows (767f96ba9aa190dff10fa1b0fb46765e)] -> xpath: //ul[@class = 'top-menu notmobile']/li], [[ChromeDriver: chrome on windows (767f96ba9aa190dff10fa1b0fb46765e)] -> xpath: //ul[@class = 'top-menu notmobile']/li]]
2023-07-25 23:07:815 INFO  ComputerPage :50 - selecting from Sublist:
2023-07-25 23:07:343 INFO  DesktopsPage :55 - Clicking  On Build Your Own Computer tab:[[ChromeDriver: chrome on windows (767f96ba9aa190dff10fa1b0fb46765e)] -> xpath: //a[contains(text(),'Build your own computer')]]
2023-07-25 23:07:839 INFO  BuildYourComputerPage :66 - selecting Processor from dropdown box:2.5 GHz Intel Pentium Dual -Core E2200[+$15.00]
2023-07-25 23:07:33 INFO  HomePage :51 - clicking On Login Link:[[ChromeDriver: chrome on windows (c922623e77d594db921bca753fd409c5)] -> xpath: //a[contains(text(),'Log in')]]
2023-07-25 23:07:773 INFO  HomePage :51 - clicking On Login Link:[[ChromeDriver: chrome on windows (203d5c216ea74108b79b2f56307df3ea)] -> xpath: //a[contains(text(),'Log in')]]
2023-07-25 23:07:652 INFO  LoginPage :45 - Enter your email address:[[ChromeDriver: chrome on windows (203d5c216ea74108b79b2f56307df3ea)] -> id: Email]
2023-07-25 23:07:807 INFO  LoginPage :52 - Entering password in password field:[[ChromeDriver: chrome on windows (203d5c216ea74108b79b2f56307df3ea)] -> name: Password]
2023-07-25 23:07:924 INFO  LoginPage :59 - Clicking on login button:[[ChromeDriver: chrome on windows (203d5c216ea74108b79b2f56307df3ea)] -> xpath: //button[contains(text(),'Log in')]]
2023-07-25 23:07:340 INFO  LoginPage :66 - Verifying Error Message:[[ChromeDriver: chrome on windows (203d5c216ea74108b79b2f56307df3ea)] -> xpath: //div[@class='message-error validation-summary-errors']]
2023-07-25 23:07:252 INFO  HomePage :51 - clicking On Login Link:[[ChromeDriver: chrome on windows (a5f4e567bdd69e15bd37f8927e92971b)] -> xpath: //a[contains(text(),'Log in')]]
2023-07-25 23:07:231 INFO  LoginPage :45 - Enter your email address:[[ChromeDriver: chrome on windows (a5f4e567bdd69e15bd37f8927e92971b)] -> id: Email]
2023-07-25 23:07:411 INFO  LoginPage :52 - Entering password in password field:[[ChromeDriver: chrome on windows (a5f4e567bdd69e15bd37f8927e92971b)] -> name: Password]
2023-07-25 23:07:562 INFO  LoginPage :59 - Clicking on login button:[[ChromeDriver: chrome on windows (a5f4e567bdd69e15bd37f8927e92971b)] -> xpath: //button[contains(text(),'Log in')]]
2023-07-25 23:07:52 INFO  LoginPage :71 - Verifying logout link is displayed:Proxy element for: DefaultElementLocator 'By.xpath: //a[contains(text(),'Log out')]'
2023-07-25 23:07:980 INFO  HomePage :51 - clicking On Login Link:[[ChromeDriver: chrome on windows (78114b7a8f9e92ecfee0658b2f16a10b)] -> xpath: //a[contains(text(),'Log in')]]
2023-07-25 23:07:425 INFO  LoginPage :45 - Enter your email address:[[ChromeDriver: chrome on windows (78114b7a8f9e92ecfee0658b2f16a10b)] -> id: Email]
2023-07-25 23:07:567 INFO  LoginPage :52 - Entering password in password field:[[ChromeDriver: chrome on windows (78114b7a8f9e92ecfee0658b2f16a10b)] -> name: Password]
2023-07-25 23:07:702 INFO  LoginPage :59 - Clicking on login button:[[ChromeDriver: chrome on windows (78114b7a8f9e92ecfee0658b2f16a10b)] -> xpath: //button[contains(text(),'Log in')]]
2023-07-25 23:07:115 INFO  LoginPage :80 - Verifying loging link is displayed:[[ChromeDriver: chrome on windows (78114b7a8f9e92ecfee0658b2f16a10b)] -> css selector: .ico-login]
2023-07-25 23:07:755 INFO  HomePage :56 - Clicking On Register Link:[[ChromeDriver: chrome on windows (c3c9ac29fc151ee9e368899c7e383524)] -> xpath: //a[contains(text(),'Register')]]
2023-07-25 23:07:844 INFO  RegisterPage :78 - Verifying register text is displayed:[[ChromeDriver: chrome on windows (c3c9ac29fc151ee9e368899c7e383524)] -> xpath: //h1[contains(text(),'Register')]]
2023-07-25 23:07:94 INFO  HomePage :56 - Clicking On Register Link:[[ChromeDriver: chrome on windows (ec2dc4f1509dc690dec5d931439e30de)] -> xpath: //a[contains(text(),'Register')]]
2023-07-25 23:07:43 INFO  RegisterPage :136 - Clicking on register button:[[ChromeDriver: chrome on windows (ec2dc4f1509dc690dec5d931439e30de)] -> id: register-button]
2023-07-25 23:07:234 INFO  RegisterPage :141 - Verifying first name error:[[ChromeDriver: chrome on windows (ec2dc4f1509dc690dec5d931439e30de)] -> id: FirstName-error]
2023-07-25 23:07:314 INFO  RegisterPage :146 - Verifying last name error:[[ChromeDriver: chrome on windows (ec2dc4f1509dc690dec5d931439e30de)] -> id: LastName-error]
2023-07-25 23:07:357 INFO  RegisterPage :161 - Verifying email error:[[ChromeDriver: chrome on windows (ec2dc4f1509dc690dec5d931439e30de)] -> id: Email-error]
2023-07-25 23:07:388 INFO  RegisterPage :151 - Verifying password error:[[ChromeDriver: chrome on windows (ec2dc4f1509dc690dec5d931439e30de)] -> id: Password-error]
2023-07-25 23:07:420 INFO  RegisterPage :156 - Verifying :[[ChromeDriver: chrome on windows (ec2dc4f1509dc690dec5d931439e30de)] -> id: ConfirmPassword]
2023-07-25 23:07:465 INFO  RegisterPage :141 - Verifying first name error:[[ChromeDriver: chrome on windows (ec2dc4f1509dc690dec5d931439e30de)] -> id: FirstName-error]
2023-07-25 23:07:494 INFO  RegisterPage :146 - Verifying last name error:[[ChromeDriver: chrome on windows (ec2dc4f1509dc690dec5d931439e30de)] -> id: LastName-error]
2023-07-25 23:07:521 INFO  RegisterPage :161 - Verifying email error:[[ChromeDriver: chrome on windows (ec2dc4f1509dc690dec5d931439e30de)] -> id: Email-error]
2023-07-25 23:07:544 INFO  RegisterPage :151 - Verifying password error:[[ChromeDriver: chrome on windows (ec2dc4f1509dc690dec5d931439e30de)] -> id: Password-error]
2023-07-25 23:07:569 INFO  RegisterPage :156 - Verifying :[[ChromeDriver: chrome on windows (ec2dc4f1509dc690dec5d931439e30de)] -> id: ConfirmPassword]
2023-07-25 23:07:600 INFO  RegisterPage :141 - Verifying first name error:[[ChromeDriver: chrome on windows (ec2dc4f1509dc690dec5d931439e30de)] -> id: FirstName-error]
2023-07-25 23:07:624 INFO  RegisterPage :146 - Verifying last name error:[[ChromeDriver: chrome on windows (ec2dc4f1509dc690dec5d931439e30de)] -> id: LastName-error]
2023-07-25 23:07:645 INFO  RegisterPage :161 - Verifying email error:[[ChromeDriver: chrome on windows (ec2dc4f1509dc690dec5d931439e30de)] -> id: Email-error]
2023-07-25 23:07:670 INFO  RegisterPage :151 - Verifying password error:[[ChromeDriver: chrome on windows (ec2dc4f1509dc690dec5d931439e30de)] -> id: Password-error]
2023-07-25 23:07:705 INFO  RegisterPage :156 - Verifying :[[ChromeDriver: chrome on windows (ec2dc4f1509dc690dec5d931439e30de)] -> id: ConfirmPassword]
2023-07-25 23:07:751 INFO  RegisterPage :141 - Verifying first name error:[[ChromeDriver: chrome on windows (ec2dc4f1509dc690dec5d931439e30de)] -> id: FirstName-error]
2023-07-25 23:07:776 INFO  RegisterPage :146 - Verifying last name error:[[ChromeDriver: chrome on windows (ec2dc4f1509dc690dec5d931439e30de)] -> id: LastName-error]
2023-07-25 23:07:801 INFO  RegisterPage :161 - Verifying email error:[[ChromeDriver: chrome on windows (ec2dc4f1509dc690dec5d931439e30de)] -> id: Email-error]
2023-07-25 23:07:827 INFO  RegisterPage :151 - Verifying password error:[[ChromeDriver: chrome on windows (ec2dc4f1509dc690dec5d931439e30de)] -> id: Password-error]
2023-07-25 23:07:851 INFO  RegisterPage :156 - Verifying :[[ChromeDriver: chrome on windows (ec2dc4f1509dc690dec5d931439e30de)] -> id: ConfirmPassword]
2023-07-25 23:07:888 INFO  RegisterPage :141 - Verifying first name error:[[ChromeDriver: chrome on windows (ec2dc4f1509dc690dec5d931439e30de)] -> id: FirstName-error]
2023-07-25 23:07:919 INFO  RegisterPage :146 - Verifying last name error:[[ChromeDriver: chrome on windows (ec2dc4f1509dc690dec5d931439e30de)] -> id: LastName-error]
2023-07-25 23:07:945 INFO  RegisterPage :161 - Verifying email error:[[ChromeDriver: chrome on windows (ec2dc4f1509dc690dec5d931439e30de)] -> id: Email-error]
2023-07-25 23:07:970 INFO  RegisterPage :151 - Verifying password error:[[ChromeDriver: chrome on windows (ec2dc4f1509dc690dec5d931439e30de)] -> id: Password-error]
2023-07-25 23:07:993 INFO  RegisterPage :156 - Verifying :[[ChromeDriver: chrome on windows (ec2dc4f1509dc690dec5d931439e30de)] -> id: ConfirmPassword]
2023-07-25 23:07:642 INFO  HomePage :56 - Clicking On Register Link:[[ChromeDriver: chrome on windows (7dc4eac3e47b010a92c27bc36ef0166e)] -> xpath: //a[contains(text(),'Register')]]
2023-07-25 23:07:213 INFO  RegisterPage :83 - selecting gender:
2023-07-25 23:07:247 INFO  RegisterPage :97 - Entering  first name:[[ChromeDriver: chrome on windows (7dc4eac3e47b010a92c27bc36ef0166e)] -> id: FirstName]
2023-07-25 23:07:410 INFO  RegisterPage :102 - Entering  last name:[[ChromeDriver: chrome on windows (7dc4eac3e47b010a92c27bc36ef0166e)] -> id: LastName]
2023-07-25 23:07:603 INFO  RegisterPage :107 - Entering  date of birth day:[[ChromeDriver: chrome on windows (7dc4eac3e47b010a92c27bc36ef0166e)] -> name: DateOfBirthDay]
2023-07-25 23:07:776 INFO  RegisterPage :112 - Entering  date of birth month:[[ChromeDriver: chrome on windows (7dc4eac3e47b010a92c27bc36ef0166e)] -> name: DateOfBirthMonth]
2023-07-25 23:07:896 INFO  RegisterPage :117 - Entering  date of birth year:[[ChromeDriver: chrome on windows (7dc4eac3e47b010a92c27bc36ef0166e)] -> name: DateOfBirthYear]
2023-07-25 23:07:97 INFO  RegisterPage :121 - Entering  email address:[[ChromeDriver: chrome on windows (7dc4eac3e47b010a92c27bc36ef0166e)] -> id: Email]
2023-07-25 23:07:208 INFO  RegisterPage :126 - Entering password:[[ChromeDriver: chrome on windows (7dc4eac3e47b010a92c27bc36ef0166e)] -> id: Password]
2023-07-25 23:07:360 INFO  RegisterPage :131 - Entering confirm password:[[ChromeDriver: chrome on windows (7dc4eac3e47b010a92c27bc36ef0166e)] -> id: ConfirmPassword]
2023-07-25 23:07:588 INFO  RegisterPage :136 - Clicking on register button:[[ChromeDriver: chrome on windows (7dc4eac3e47b010a92c27bc36ef0166e)] -> id: register-button]
2023-07-25 23:07:426 INFO  RegisterPage :166 - Verifying registration is complete message:[[ChromeDriver: chrome on windows (7dc4eac3e47b010a92c27bc36ef0166e)] -> xpath: //div[contains(text(),'Your registration completed')]]
2023-07-25 23:07:473 INFO  HomePage :41 - Selecting TopMenu:[[[ChromeDriver: chrome on windows (a31d9559d19543752535404c21b82678)] -> xpath: //ul[@class = 'top-menu notmobile']/li], [[ChromeDriver: chrome on windows (a31d9559d19543752535404c21b82678)] -> xpath: //ul[@class = 'top-menu notmobile']/li], [[ChromeDriver: chrome on windows (a31d9559d19543752535404c21b82678)] -> xpath: //ul[@class = 'top-menu notmobile']/li], [[ChromeDriver: chrome on windows (a31d9559d19543752535404c21b82678)] -> xpath: //ul[@class = 'top-menu notmobile']/li], [[ChromeDriver: chrome on windows (a31d9559d19543752535404c21b82678)] -> xpath: //ul[@class = 'top-menu notmobile']/li], [[ChromeDriver: chrome on windows (a31d9559d19543752535404c21b82678)] -> xpath: //ul[@class = 'top-menu notmobile']/li], [[ChromeDriver: chrome on windows (a31d9559d19543752535404c21b82678)] -> xpath: //ul[@class = 'top-menu notmobile']/li]]
2023-07-25 23:07:390 INFO  ComputerPage :39 - verifying Computer Text:[[ChromeDriver: chrome on windows (a31d9559d19543752535404c21b82678)] -> xpath: //h1[contains(text(),'Computers')]]
2023-07-25 23:07:419 INFO  HomePage :41 - Selecting TopMenu:[[[ChromeDriver: chrome on windows (cd5c21e2006e81b52e71dcc0abcfa390)] -> xpath: //ul[@class = 'top-menu notmobile']/li], [[ChromeDriver: chrome on windows (cd5c21e2006e81b52e71dcc0abcfa390)] -> xpath: //ul[@class = 'top-menu notmobile']/li], [[ChromeDriver: chrome on windows (cd5c21e2006e81b52e71dcc0abcfa390)] -> xpath: //ul[@class = 'top-menu notmobile']/li], [[ChromeDriver: chrome on windows (cd5c21e2006e81b52e71dcc0abcfa390)] -> xpath: //ul[@class = 'top-menu notmobile']/li], [[ChromeDriver: chrome on windows (cd5c21e2006e81b52e71dcc0abcfa390)] -> xpath: //ul[@class = 'top-menu notmobile']/li], [[ChromeDriver: chrome on windows (cd5c21e2006e81b52e71dcc0abcfa390)] -> xpath: //ul[@class = 'top-menu notmobile']/li], [[ChromeDriver: chrome on windows (cd5c21e2006e81b52e71dcc0abcfa390)] -> xpath: //ul[@class = 'top-menu notmobile']/li]]
2023-07-25 23:07:283 INFO  ComputerPage :50 - selecting from Sublist:
2023-07-25 23:07:646 INFO  DesktopsPage :35 - verifying Desktops Text:[[ChromeDriver: chrome on windows (cd5c21e2006e81b52e71dcc0abcfa390)] -> xpath: //h1[contains(text(),'Desktops')]]
2023-07-25 23:07:612 INFO  HomePage :41 - Selecting TopMenu:[[[ChromeDriver: chrome on windows (3cc605cf28fc013ef424a1ab853cdb2e)] -> xpath: //ul[@class = 'top-menu notmobile']/li], [[ChromeDriver: chrome on windows (3cc605cf28fc013ef424a1ab853cdb2e)] -> xpath: //ul[@class = 'top-menu notmobile']/li], [[ChromeDriver: chrome on windows (3cc605cf28fc013ef424a1ab853cdb2e)] -> xpath: //ul[@class = 'top-menu notmobile']/li], [[ChromeDriver: chrome on windows (3cc605cf28fc013ef424a1ab853cdb2e)] -> xpath: //ul[@class = 'top-menu notmobile']/li], [[ChromeDriver: chrome on windows (3cc605cf28fc013ef424a1ab853cdb2e)] -> xpath: //ul[@class = 'top-menu notmobile']/li], [[ChromeDriver: chrome on windows (3cc605cf28fc013ef424a1ab853cdb2e)] -> xpath: //ul[@class = 'top-menu notmobile']/li], [[ChromeDriver: chrome on windows (3cc605cf28fc013ef424a1ab853cdb2e)] -> xpath: //ul[@class = 'top-menu notmobile']/li]]
2023-07-25 23:07:525 INFO  ComputerPage :50 - selecting from Sublist:
2023-07-25 23:07:926 INFO  DesktopsPage :55 - Clicking  On Build Your Own Computer tab:[[ChromeDriver: chrome on windows (3cc605cf28fc013ef424a1ab853cdb2e)] -> xpath: //a[contains(text(),'Build your own computer')]]
2023-07-25 23:07:335 INFO  BuildYourComputerPage :66 - selecting Processor from dropdown box:2.2 GHz Intel Pentium Dual-Core E2200
2023-07-25 23:07:489 INFO  BuildYourComputerPage :71 - selecting Ram from dropdown box:[[ChromeDriver: chrome on windows (3cc605cf28fc013ef424a1ab853cdb2e)] -> id: product_attribute_2]
2023-07-25 23:07:210 INFO  HomePage :41 - Selecting TopMenu:[[[ChromeDriver: chrome on windows (dcaf0a43f3f5e7cd34fbee0158746289)] -> xpath: //ul[@class = 'top-menu notmobile']/li], [[ChromeDriver: chrome on windows (dcaf0a43f3f5e7cd34fbee0158746289)] -> xpath: //ul[@class = 'top-menu notmobile']/li], [[ChromeDriver: chrome on windows (dcaf0a43f3f5e7cd34fbee0158746289)] -> xpath: //ul[@class = 'top-menu notmobile']/li], [[ChromeDriver: chrome on windows (dcaf0a43f3f5e7cd34fbee0158746289)] -> xpath: //ul[@class = 'top-menu notmobile']/li], [[ChromeDriver: chrome on windows (dcaf0a43f3f5e7cd34fbee0158746289)] -> xpath: //ul[@class = 'top-menu notmobile']/li], [[ChromeDriver: chrome on windows (dcaf0a43f3f5e7cd34fbee0158746289)] -> xpath: //ul[@class = 'top-menu notmobile']/li], [[ChromeDriver: chrome on windows (dcaf0a43f3f5e7cd34fbee0158746289)] -> xpath: //ul[@class = 'top-menu notmobile']/li]]
2023-07-25 23:07:146 INFO  ComputerPage :50 - selecting from Sublist:
2023-07-25 23:07:558 INFO  DesktopsPage :55 - Clicking  On Build Your Own Computer tab:[[ChromeDriver: chrome on windows (dcaf0a43f3f5e7cd34fbee0158746289)] -> xpath: //a[contains(text(),'Build your own computer')]]
2023-07-25 23:07:990 INFO  BuildYourComputerPage :66 - selecting Processor from dropdown box:2.5 GHz Intel Pentium Dual -Core E2200[+$15.00]
2023-07-25 23:07:10 INFO  HomePage :41 - Selecting TopMenu:[[[ChromeDriver: chrome on windows (c8892e9170ff5da3ddcc3d2751f89d4f)] -> xpath: //ul[@class = 'top-menu notmobile']/li], [[ChromeDriver: chrome on windows (c8892e9170ff5da3ddcc3d2751f89d4f)] -> xpath: //ul[@class = 'top-menu notmobile']/li], [[ChromeDriver: chrome on windows (c8892e9170ff5da3ddcc3d2751f89d4f)] -> xpath: //ul[@class = 'top-menu notmobile']/li], [[ChromeDriver: chrome on windows (c8892e9170ff5da3ddcc3d2751f89d4f)] -> xpath: //ul[@class = 'top-menu notmobile']/li], [[ChromeDriver: chrome on windows (c8892e9170ff5da3ddcc3d2751f89d4f)] -> xpath: //ul[@class = 'top-menu notmobile']/li], [[ChromeDriver: chrome on windows (c8892e9170ff5da3ddcc3d2751f89d4f)] -> xpath: //ul[@class = 'top-menu notmobile']/li], [[ChromeDriver: chrome on windows (c8892e9170ff5da3ddcc3d2751f89d4f)] -> xpath: //ul[@class = 'top-menu notmobile']/li]]
2023-07-25 23:07:979 INFO  ComputerPage :50 - selecting from Sublist:
2023-07-25 23:07:474 INFO  DesktopsPage :55 - Clicking  On Build Your Own Computer tab:[[ChromeDriver: chrome on windows (c8892e9170ff5da3ddcc3d2751f89d4f)] -> xpath: //a[contains(text(),'Build your own computer')]]
2023-07-25 23:07:910 INFO  BuildYourComputerPage :66 - selecting Processor from dropdown box:2.5 GHz Intel Pentium Dual -Core E2200[+$15.00]
2023-07-25 23:07:462 INFO  HomePage :41 - Selecting TopMenu:[[[ChromeDriver: chrome on windows (2fcb6b4df2b039b34ee1dae54adc9271)] -> xpath: //ul[@class = 'top-menu notmobile']/li], [[ChromeDriver: chrome on windows (2fcb6b4df2b039b34ee1dae54adc9271)] -> xpath: //ul[@class = 'top-menu notmobile']/li], [[ChromeDriver: chrome on windows (2fcb6b4df2b039b34ee1dae54adc9271)] -> xpath: //ul[@class = 'top-menu notmobile']/li], [[ChromeDriver: chrome on windows (2fcb6b4df2b039b34ee1dae54adc9271)] -> xpath: //ul[@class = 'top-menu notmobile']/li], [[ChromeDriver: chrome on windows (2fcb6b4df2b039b34ee1dae54adc9271)] -> xpath: //ul[@class = 'top-menu notmobile']/li], [[ChromeDriver: chrome on windows (2fcb6b4df2b039b34ee1dae54adc9271)] -> xpath: //ul[@class = 'top-menu notmobile']/li], [[ChromeDriver: chrome on windows (2fcb6b4df2b039b34ee1dae54adc9271)] -> xpath: //ul[@class = 'top-menu notmobile']/li]]
2023-07-25 23:07:449 INFO  ComputerPage :39 - verifying Computer Text:[[ChromeDriver: chrome on windows (2fcb6b4df2b039b34ee1dae54adc9271)] -> xpath: //h1[contains(text(),'Computers')]]
2023-07-25 23:07:435 INFO  HomePage :41 - Selecting TopMenu:[[[ChromeDriver: chrome on windows (4fa07a79651f807d64fc126215b7ec04)] -> xpath: //ul[@class = 'top-menu notmobile']/li], [[ChromeDriver: chrome on windows (4fa07a79651f807d64fc126215b7ec04)] -> xpath: //ul[@class = 'top-menu notmobile']/li], [[ChromeDriver: chrome on windows (4fa07a79651f807d64fc126215b7ec04)] -> xpath: //ul[@class = 'top-menu notmobile']/li], [[ChromeDriver: chrome on windows (4fa07a79651f807d64fc126215b7ec04)] -> xpath: //ul[@class = 'top-menu notmobile']/li], [[ChromeDriver: chrome on windows (4fa07a79651f807d64fc126215b7ec04)] -> xpath: //ul[@class = 'top-menu notmobile']/li], [[ChromeDriver: chrome on windows (4fa07a79651f807d64fc126215b7ec04)] -> xpath: //ul[@class = 'top-menu notmobile']/li], [[ChromeDriver: chrome on windows (4fa07a79651f807d64fc126215b7ec04)] -> xpath: //ul[@class = 'top-menu notmobile']/li]]
2023-07-25 23:07:320 INFO  ComputerPage :50 - selecting from Sublist:
2023-07-25 23:07:698 INFO  DesktopsPage :35 - verifying Desktops Text:[[ChromeDriver: chrome on windows (4fa07a79651f807d64fc126215b7ec04)] -> xpath: //h1[contains(text(),'Desktops')]]
2023-07-25 23:07:358 INFO  HomePage :41 - Selecting TopMenu:[[[ChromeDriver: chrome on windows (8deb271f13cfeee3db485b76d01500c8)] -> xpath: //ul[@class = 'top-menu notmobile']/li], [[ChromeDriver: chrome on windows (8deb271f13cfeee3db485b76d01500c8)] -> xpath: //ul[@class = 'top-menu notmobile']/li], [[ChromeDriver: chrome on windows (8deb271f13cfeee3db485b76d01500c8)] -> xpath: //ul[@class = 'top-menu notmobile']/li], [[ChromeDriver: chrome on windows (8deb271f13cfeee3db485b76d01500c8)] -> xpath: //ul[@class = 'top-menu notmobile']/li], [[ChromeDriver: chrome on windows (8deb271f13cfeee3db485b76d01500c8)] -> xpath: //ul[@class = 'top-menu notmobile']/li], [[ChromeDriver: chrome on windows (8deb271f13cfeee3db485b76d01500c8)] -> xpath: //ul[@class = 'top-menu notmobile']/li], [[ChromeDriver: chrome on windows (8deb271f13cfeee3db485b76d01500c8)] -> xpath: //ul[@class = 'top-menu notmobile']/li]]
2023-07-25 23:07:267 INFO  ComputerPage :50 - selecting from Sublist:
2023-07-25 23:07:693 INFO  DesktopsPage :55 - Clicking  On Build Your Own Computer tab:[[ChromeDriver: chrome on windows (8deb271f13cfeee3db485b76d01500c8)] -> xpath: //a[contains(text(),'Build your own computer')]]
2023-07-25 23:07:153 INFO  BuildYourComputerPage :66 - selecting Processor from dropdown box:2.2 GHz Intel Pentium Dual-Core E2200
2023-07-25 23:07:345 INFO  BuildYourComputerPage :71 - selecting Ram from dropdown box:[[ChromeDriver: chrome on windows (8deb271f13cfeee3db485b76d01500c8)] -> id: product_attribute_2]
2023-07-25 23:07:981 INFO  HomePage :41 - Selecting TopMenu:[[[ChromeDriver: chrome on windows (7c77a8c5148ea7a2e6da9f6669debe43)] -> xpath: //ul[@class = 'top-menu notmobile']/li], [[ChromeDriver: chrome on windows (7c77a8c5148ea7a2e6da9f6669debe43)] -> xpath: //ul[@class = 'top-menu notmobile']/li], [[ChromeDriver: chrome on windows (7c77a8c5148ea7a2e6da9f6669debe43)] -> xpath: //ul[@class = 'top-menu notmobile']/li], [[ChromeDriver: chrome on windows (7c77a8c5148ea7a2e6da9f6669debe43)] -> xpath: //ul[@class = 'top-menu notmobile']/li], [[ChromeDriver: chrome on windows (7c77a8c5148ea7a2e6da9f6669debe43)] -> xpath: //ul[@class = 'top-menu notmobile']/li], [[ChromeDriver: chrome on windows (7c77a8c5148ea7a2e6da9f6669debe43)] -> xpath: //ul[@class = 'top-menu notmobile']/li], [[ChromeDriver: chrome on windows (7c77a8c5148ea7a2e6da9f6669debe43)] -> xpath: //ul[@class = 'top-menu notmobile']/li]]
2023-07-25 23:07:929 INFO  ComputerPage :50 - selecting from Sublist:
2023-07-25 23:07:346 INFO  DesktopsPage :55 - Clicking  On Build Your Own Computer tab:[[ChromeDriver: chrome on windows (7c77a8c5148ea7a2e6da9f6669debe43)] -> xpath: //a[contains(text(),'Build your own computer')]]
2023-07-25 23:07:728 INFO  BuildYourComputerPage :66 - selecting Processor from dropdown box:2.5 GHz Intel Pentium Dual -Core E2200[+$15.00]
2023-07-25 23:07:133 INFO  HomePage :41 - Selecting TopMenu:[[[ChromeDriver: chrome on windows (f1377e9701b0cb7fc0a214baac8176b8)] -> xpath: //ul[@class = 'top-menu notmobile']/li], [[ChromeDriver: chrome on windows (f1377e9701b0cb7fc0a214baac8176b8)] -> xpath: //ul[@class = 'top-menu notmobile']/li], [[ChromeDriver: chrome on windows (f1377e9701b0cb7fc0a214baac8176b8)] -> xpath: //ul[@class = 'top-menu notmobile']/li], [[ChromeDriver: chrome on windows (f1377e9701b0cb7fc0a214baac8176b8)] -> xpath: //ul[@class = 'top-menu notmobile']/li], [[ChromeDriver: chrome on windows (f1377e9701b0cb7fc0a214baac8176b8)] -> xpath: //ul[@class = 'top-menu notmobile']/li], [[ChromeDriver: chrome on windows (f1377e9701b0cb7fc0a214baac8176b8)] -> xpath: //ul[@class = 'top-menu notmobile']/li], [[ChromeDriver: chrome on windows (f1377e9701b0cb7fc0a214baac8176b8)] -> xpath: //ul[@class = 'top-menu notmobile']/li]]
2023-07-25 23:07:37 INFO  ComputerPage :50 - selecting from Sublist:
2023-07-25 23:07:416 INFO  DesktopsPage :55 - Clicking  On Build Your Own Computer tab:[[ChromeDriver: chrome on windows (f1377e9701b0cb7fc0a214baac8176b8)] -> xpath: //a[contains(text(),'Build your own computer')]]
2023-07-25 23:07:847 INFO  BuildYourComputerPage :66 - selecting Processor from dropdown box:2.5 GHz Intel Pentium Dual -Core E2200[+$15.00]
2023-07-25 23:07:180 INFO  HomePage :51 - clicking On Login Link:[[ChromeDriver: chrome on windows (f024815576ab7ce73780d71f7ee1a84f)] -> xpath: //a[contains(text(),'Log in')]]
2023-07-25 23:07:976 INFO  HomePage :51 - clicking On Login Link:[[ChromeDriver: chrome on windows (c85fb08a8a3ef0dbc619a7bb87268d87)] -> xpath: //a[contains(text(),'Log in')]]
2023-07-25 23:07:908 INFO  LoginPage :45 - Enter your email address:[[ChromeDriver: chrome on windows (c85fb08a8a3ef0dbc619a7bb87268d87)] -> id: Email]
2023-07-25 23:07:108 INFO  LoginPage :52 - Entering password in password field:[[ChromeDriver: chrome on windows (c85fb08a8a3ef0dbc619a7bb87268d87)] -> name: Password]
2023-07-25 23:07:252 INFO  LoginPage :59 - Clicking on login button:[[ChromeDriver: chrome on windows (c85fb08a8a3ef0dbc619a7bb87268d87)] -> xpath: //button[contains(text(),'Log in')]]
2023-07-25 23:07:778 INFO  LoginPage :66 - Verifying Error Message:[[ChromeDriver: chrome on windows (c85fb08a8a3ef0dbc619a7bb87268d87)] -> xpath: //div[@class='message-error validation-summary-errors']]
2023-07-25 23:07:865 INFO  HomePage :51 - clicking On Login Link:[[ChromeDriver: chrome on windows (6ba32f5879792bd75773efa06187e90b)] -> xpath: //a[contains(text(),'Log in')]]
2023-07-25 23:07:742 INFO  LoginPage :45 - Enter your email address:[[ChromeDriver: chrome on windows (6ba32f5879792bd75773efa06187e90b)] -> id: Email]
2023-07-25 23:07:873 INFO  LoginPage :52 - Entering password in password field:[[ChromeDriver: chrome on windows (6ba32f5879792bd75773efa06187e90b)] -> name: Password]
2023-07-25 23:07:127 INFO  LoginPage :59 - Clicking on login button:[[ChromeDriver: chrome on windows (6ba32f5879792bd75773efa06187e90b)] -> xpath: //button[contains(text(),'Log in')]]
2023-07-25 23:07:954 INFO  LoginPage :71 - Verifying logout link is displayed:Proxy element for: DefaultElementLocator 'By.xpath: //a[contains(text(),'Log out')]'
2023-07-25 23:07:824 INFO  HomePage :51 - clicking On Login Link:[[ChromeDriver: chrome on windows (458affcec3a1d7d7b6b684414a3082d3)] -> xpath: //a[contains(text(),'Log in')]]
2023-07-25 23:07:651 INFO  LoginPage :45 - Enter your email address:[[ChromeDriver: chrome on windows (458affcec3a1d7d7b6b684414a3082d3)] -> id: Email]
2023-07-25 23:07:733 INFO  LoginPage :52 - Entering password in password field:[[ChromeDriver: chrome on windows (458affcec3a1d7d7b6b684414a3082d3)] -> name: Password]
2023-07-25 23:07:812 INFO  LoginPage :59 - Clicking on login button:[[ChromeDriver: chrome on windows (458affcec3a1d7d7b6b684414a3082d3)] -> xpath: //button[contains(text(),'Log in')]]
2023-07-25 23:07:117 INFO  LoginPage :80 - Verifying loging link is displayed:[[ChromeDriver: chrome on windows (458affcec3a1d7d7b6b684414a3082d3)] -> css selector: .ico-login]
2023-07-25 23:07:362 INFO  HomePage :56 - Clicking On Register Link:[[ChromeDriver: chrome on windows (e2f218d612547ec77d86c2c6eeb7500d)] -> xpath: //a[contains(text(),'Register')]]
2023-07-25 23:07:348 INFO  RegisterPage :78 - Verifying register text is displayed:[[ChromeDriver: chrome on windows (e2f218d612547ec77d86c2c6eeb7500d)] -> xpath: //h1[contains(text(),'Register')]]
2023-07-25 23:07:44 INFO  HomePage :56 - Clicking On Register Link:[[ChromeDriver: chrome on windows (311821da3232af49e83c63e23799e8e0)] -> xpath: //a[contains(text(),'Register')]]
2023-07-25 23:07:984 INFO  RegisterPage :136 - Clicking on register button:[[ChromeDriver: chrome on windows (311821da3232af49e83c63e23799e8e0)] -> id: register-button]
2023-07-25 23:07:80 INFO  RegisterPage :141 - Verifying first name error:[[ChromeDriver: chrome on windows (311821da3232af49e83c63e23799e8e0)] -> id: FirstName-error]
2023-07-25 23:07:117 INFO  RegisterPage :146 - Verifying last name error:[[ChromeDriver: chrome on windows (311821da3232af49e83c63e23799e8e0)] -> id: LastName-error]
2023-07-25 23:07:150 INFO  RegisterPage :161 - Verifying email error:[[ChromeDriver: chrome on windows (311821da3232af49e83c63e23799e8e0)] -> id: Email-error]
2023-07-25 23:07:182 INFO  RegisterPage :151 - Verifying password error:[[ChromeDriver: chrome on windows (311821da3232af49e83c63e23799e8e0)] -> id: Password-error]
2023-07-25 23:07:214 INFO  RegisterPage :156 - Verifying :[[ChromeDriver: chrome on windows (311821da3232af49e83c63e23799e8e0)] -> id: ConfirmPassword]
2023-07-25 23:07:255 INFO  RegisterPage :141 - Verifying first name error:[[ChromeDriver: chrome on windows (311821da3232af49e83c63e23799e8e0)] -> id: FirstName-error]
2023-07-25 23:07:288 INFO  RegisterPage :146 - Verifying last name error:[[ChromeDriver: chrome on windows (311821da3232af49e83c63e23799e8e0)] -> id: LastName-error]
2023-07-25 23:07:320 INFO  RegisterPage :161 - Verifying email error:[[ChromeDriver: chrome on windows (311821da3232af49e83c63e23799e8e0)] -> id: Email-error]
2023-07-25 23:07:349 INFO  RegisterPage :151 - Verifying password error:[[ChromeDriver: chrome on windows (311821da3232af49e83c63e23799e8e0)] -> id: Password-error]
2023-07-25 23:07:377 INFO  RegisterPage :156 - Verifying :[[ChromeDriver: chrome on windows (311821da3232af49e83c63e23799e8e0)] -> id: ConfirmPassword]
2023-07-25 23:07:410 INFO  RegisterPage :141 - Verifying first name error:[[ChromeDriver: chrome on windows (311821da3232af49e83c63e23799e8e0)] -> id: FirstName-error]
2023-07-25 23:07:436 INFO  RegisterPage :146 - Verifying last name error:[[ChromeDriver: chrome on windows (311821da3232af49e83c63e23799e8e0)] -> id: LastName-error]
2023-07-25 23:07:459 INFO  RegisterPage :161 - Verifying email error:[[ChromeDriver: chrome on windows (311821da3232af49e83c63e23799e8e0)] -> id: Email-error]
2023-07-25 23:07:485 INFO  RegisterPage :151 - Verifying password error:[[ChromeDriver: chrome on windows (311821da3232af49e83c63e23799e8e0)] -> id: Password-error]
2023-07-25 23:07:508 INFO  RegisterPage :156 - Verifying :[[ChromeDriver: chrome on windows (311821da3232af49e83c63e23799e8e0)] -> id: ConfirmPassword]
2023-07-25 23:07:539 INFO  RegisterPage :141 - Verifying first name error:[[ChromeDriver: chrome on windows (311821da3232af49e83c63e23799e8e0)] -> id: FirstName-error]
2023-07-25 23:07:561 INFO  RegisterPage :146 - Verifying last name error:[[ChromeDriver: chrome on windows (311821da3232af49e83c63e23799e8e0)] -> id: LastName-error]
2023-07-25 23:07:582 INFO  RegisterPage :161 - Verifying email error:[[ChromeDriver: chrome on windows (311821da3232af49e83c63e23799e8e0)] -> id: Email-error]
2023-07-25 23:07:610 INFO  RegisterPage :151 - Verifying password error:[[ChromeDriver: chrome on windows (311821da3232af49e83c63e23799e8e0)] -> id: Password-error]
2023-07-25 23:07:634 INFO  RegisterPage :156 - Verifying :[[ChromeDriver: chrome on windows (311821da3232af49e83c63e23799e8e0)] -> id: ConfirmPassword]
2023-07-25 23:07:668 INFO  RegisterPage :141 - Verifying first name error:[[ChromeDriver: chrome on windows (311821da3232af49e83c63e23799e8e0)] -> id: FirstName-error]
2023-07-25 23:07:691 INFO  RegisterPage :146 - Verifying last name error:[[ChromeDriver: chrome on windows (311821da3232af49e83c63e23799e8e0)] -> id: LastName-error]
2023-07-25 23:07:717 INFO  RegisterPage :161 - Verifying email error:[[ChromeDriver: chrome on windows (311821da3232af49e83c63e23799e8e0)] -> id: Email-error]
2023-07-25 23:07:742 INFO  RegisterPage :151 - Verifying password error:[[ChromeDriver: chrome on windows (311821da3232af49e83c63e23799e8e0)] -> id: Password-error]
2023-07-25 23:07:777 INFO  RegisterPage :156 - Verifying :[[ChromeDriver: chrome on windows (311821da3232af49e83c63e23799e8e0)] -> id: ConfirmPassword]
2023-07-25 23:07:185 INFO  HomePage :56 - Clicking On Register Link:[[ChromeDriver: chrome on windows (560dec7f2a92e91771b1745f5f62bd45)] -> xpath: //a[contains(text(),'Register')]]
2023-07-25 23:07:616 INFO  RegisterPage :83 - selecting gender:
2023-07-25 23:07:636 INFO  RegisterPage :97 - Entering  first name:[[ChromeDriver: chrome on windows (560dec7f2a92e91771b1745f5f62bd45)] -> id: FirstName]
2023-07-25 23:07:733 INFO  RegisterPage :102 - Entering  last name:[[ChromeDriver: chrome on windows (560dec7f2a92e91771b1745f5f62bd45)] -> id: LastName]
2023-07-25 23:07:885 INFO  RegisterPage :107 - Entering  date of birth day:[[ChromeDriver: chrome on windows (560dec7f2a92e91771b1745f5f62bd45)] -> name: DateOfBirthDay]
2023-07-25 23:07:15 INFO  RegisterPage :112 - Entering  date of birth month:[[ChromeDriver: chrome on windows (560dec7f2a92e91771b1745f5f62bd45)] -> name: DateOfBirthMonth]
2023-07-25 23:07:121 INFO  RegisterPage :117 - Entering  date of birth year:[[ChromeDriver: chrome on windows (560dec7f2a92e91771b1745f5f62bd45)] -> name: DateOfBirthYear]
2023-07-25 23:07:230 INFO  RegisterPage :121 - Entering  email address:[[ChromeDriver: chrome on windows (560dec7f2a92e91771b1745f5f62bd45)] -> id: Email]
2023-07-25 23:07:334 INFO  RegisterPage :126 - Entering password:[[ChromeDriver: chrome on windows (560dec7f2a92e91771b1745f5f62bd45)] -> id: Password]
2023-07-25 23:07:431 INFO  RegisterPage :131 - Entering confirm password:[[ChromeDriver: chrome on windows (560dec7f2a92e91771b1745f5f62bd45)] -> id: ConfirmPassword]
2023-07-25 23:07:524 INFO  RegisterPage :136 - Clicking on register button:[[ChromeDriver: chrome on windows (560dec7f2a92e91771b1745f5f62bd45)] -> id: register-button]
2023-07-25 23:07:956 INFO  RegisterPage :166 - Verifying registration is complete message:Proxy element for: DefaultElementLocator 'By.xpath: //div[contains(text(),'Your registration completed')]'
